TpTrace Verbose: 0 : 1444, 1, 2023/08/08, 18:12:47.345, 351521375567, vstest.console.dll, Version: 17.5.0-release-20221220-01 Current process architecture: X64
TpTrace Verbose: 0 : 1444, 1, 2023/08/08, 18:12:47.349, 351521412432, vstest.console.dll, Runtime location: C:\Program Files\dotnet\shared\Microsoft.NETCore.App\7.0.4
TpTrace Verbose: 0 : 1444, 1, 2023/08/08, 18:12:47.355, 351521471979, vstest.console.dll, ArtifactProcessingPostProcessModeProcessorExecutor.Initialize: ArtifactProcessingMode.Collect
TpTrace Verbose: 0 : 1444, 1, 2023/08/08, 18:12:47.355, 351521474279, vstest.console.dll, TestSessionCorrelationIdProcessorModeProcessorExecutor.Initialize: TestSessionCorrelationId '17632_694b4892-3107-479c-890b-b9213ea94610'
TpTrace Information: 0 : 1444, 1, 2023/08/08, 18:12:47.368, 351521600401, vstest.console.dll, FilePatternParser: The given file C:\Users\Admin\source\repos\SoftUniWeb-CourseProjectC#\GameCatalogue.Services.Tests\bin\Debug\net6.0\fine-code-coverage\build-output\GameCatalogue.Services.Tests.dll is a full path.
TpTrace Verbose: 0 : 1444, 1, 2023/08/08, 18:12:47.378, 351521700237, vstest.console.dll, TestPluginCache.DiscoverTestExtensions: finding test extensions in assemblies ends with: RuntimeProvider.dll TPluginInfo: Microsoft.VisualStudio.TestPlatform.Common.ExtensionFramework.Utilities.TestRuntimePluginInformation TExtension: Microsoft.VisualStudio.TestPlatform.ObjectModel.Host.ITestRuntimeProvider
TpTrace Verbose: 0 : 1444, 1, 2023/08/08, 18:12:47.379, 351521714106, vstest.console.dll, TestPluginCache.GetExtensionPaths: Filtered extension paths: 
TpTrace Verbose: 0 : 1444, 1, 2023/08/08, 18:12:47.380, 351521720445, vstest.console.dll, TestPluginCache.GetExtensionPaths: Added default extension paths: C:\Program Files\dotnet\sdk\7.0.202\Extensions\Microsoft.Diagnostics.NETCore.Client.dll
C:\Program Files\dotnet\sdk\7.0.202\Extensions\Microsoft.TestPlatform.Extensions.BlameDataCollector.dll
C:\Program Files\dotnet\sdk\7.0.202\Extensions\Microsoft.TestPlatform.Extensions.EventLogCollector.dll
C:\Program Files\dotnet\sdk\7.0.202\Extensions\Microsoft.TestPlatform.TestHostRuntimeProvider.dll
C:\Program Files\dotnet\sdk\7.0.202\Extensions\Microsoft.VisualStudio.TestPlatform.Extensions.Html.TestLogger.dll
C:\Program Files\dotnet\sdk\7.0.202\Extensions\Microsoft.VisualStudio.TestPlatform.Extensions.Trx.TestLogger.dll
TpTrace Verbose: 0 : 1444, 1, 2023/08/08, 18:12:47.380, 351521720880, vstest.console.dll, TestPluginCache.GetExtensionPaths: Added unfilterableExtensionPaths: 
TpTrace Information: 0 : 1444, 1, 2023/08/08, 18:12:47.381, 351521732402, vstest.console.dll, AssemblyResolver.ctor: Creating AssemblyResolver with searchDirectories C:\Program Files\dotnet\sdk\7.0.202\Extensions,C:\Program Files\dotnet\sdk\7.0.202
TpTrace Verbose: 0 : 1444, 1, 2023/08/08, 18:12:47.393, 351521854915, vstest.console.dll, TestPluginCache.DiscoverTestExtensions: Discovering the extensions using extension path.
TpTrace Verbose: 0 : 1444, 1, 2023/08/08, 18:12:47.394, 351521859419, vstest.console.dll, TestPluginCache.GetExtensionPaths: Filtered extension paths: 
TpTrace Verbose: 0 : 1444, 1, 2023/08/08, 18:12:47.394, 351521860939, vstest.console.dll, TestPluginCache.GetExtensionPaths: Added default extension paths: C:\Program Files\dotnet\sdk\7.0.202\Extensions\Microsoft.Diagnostics.NETCore.Client.dll
C:\Program Files\dotnet\sdk\7.0.202\Extensions\Microsoft.TestPlatform.Extensions.BlameDataCollector.dll
C:\Program Files\dotnet\sdk\7.0.202\Extensions\Microsoft.TestPlatform.Extensions.EventLogCollector.dll
C:\Program Files\dotnet\sdk\7.0.202\Extensions\Microsoft.TestPlatform.TestHostRuntimeProvider.dll
C:\Program Files\dotnet\sdk\7.0.202\Extensions\Microsoft.VisualStudio.TestPlatform.Extensions.Html.TestLogger.dll
C:\Program Files\dotnet\sdk\7.0.202\Extensions\Microsoft.VisualStudio.TestPlatform.Extensions.Trx.TestLogger.dll
TpTrace Verbose: 0 : 1444, 1, 2023/08/08, 18:12:47.394, 351521861545, vstest.console.dll, TestPluginCache.GetExtensionPaths: Added unfilterableExtensionPaths: 
TpTrace Verbose: 0 : 1444, 1, 2023/08/08, 18:12:47.394, 351521863310, vstest.console.dll, TestPluginCache.DiscoverTestExtensions: Discovering the extensions using allExtensionPaths: C:\Program Files\dotnet\sdk\7.0.202\Extensions\Microsoft.Diagnostics.NETCore.Client.dll
C:\Program Files\dotnet\sdk\7.0.202\Extensions\Microsoft.TestPlatform.Extensions.BlameDataCollector.dll
C:\Program Files\dotnet\sdk\7.0.202\Extensions\Microsoft.TestPlatform.Extensions.EventLogCollector.dll
C:\Program Files\dotnet\sdk\7.0.202\Extensions\Microsoft.TestPlatform.TestHostRuntimeProvider.dll
C:\Program Files\dotnet\sdk\7.0.202\Extensions\Microsoft.VisualStudio.TestPlatform.Extensions.Html.TestLogger.dll
C:\Program Files\dotnet\sdk\7.0.202\Extensions\Microsoft.VisualStudio.TestPlatform.Extensions.Trx.TestLogger.dll
TpTrace Information: 0 : 1444, 1, 2023/08/08, 18:12:47.394, 351521867092, vstest.console.dll, AssemblyResolver.AddSearchDirectories: Adding more searchDirectories C:\Program Files\dotnet\sdk\7.0.202\Extensions,C:\Program Files\dotnet\sdk\7.0.202
TpTrace Information: 0 : 1444, 1, 2023/08/08, 18:12:47.403, 351521954979, vstest.console.dll, AssemblyResolver.AddSearchDirectories: Adding more searchDirectories C:\Program Files\dotnet\sdk\7.0.202\Extensions,C:\Program Files\dotnet\sdk\7.0.202
TpTrace Information: 0 : 1444, 1, 2023/08/08, 18:12:47.403, 351521955499, vstest.console.dll, AssemblyResolver.AddSearchDirectories: Adding more searchDirectories C:\Program Files\dotnet\sdk\7.0.202\Extensions,C:\Program Files\dotnet\sdk\7.0.202
TpTrace Information: 0 : 1444, 1, 2023/08/08, 18:12:47.403, 351521955813, vstest.console.dll, AssemblyResolver.AddSearchDirectories: Adding more searchDirectories C:\Program Files\dotnet\sdk\7.0.202\Extensions,C:\Program Files\dotnet\sdk\7.0.202
TpTrace Information: 0 : 1444, 1, 2023/08/08, 18:12:47.403, 351521957077, vstest.console.dll, AssemblyResolver.AddSearchDirectories: Adding more searchDirectories C:\Program Files\dotnet\sdk\7.0.202\Extensions,C:\Program Files\dotnet\sdk\7.0.202
TpTrace Information: 0 : 1444, 1, 2023/08/08, 18:12:47.403, 351521957472, vstest.console.dll, AssemblyResolver.AddSearchDirectories: Adding more searchDirectories C:\Program Files\dotnet\sdk\7.0.202\Extensions,C:\Program Files\dotnet\sdk\7.0.202
TpTrace Information: 0 : 1444, 1, 2023/08/08, 18:12:47.404, 351521964816, vstest.console.dll, AssemblyResolver.OnResolve: Microsoft.Diagnostics.NETCore.Client: Resolving assembly.
TpTrace Information: 0 : 1444, 1, 2023/08/08, 18:12:47.404, 351521966201, vstest.console.dll, AssemblyResolver.OnResolve: Microsoft.Diagnostics.NETCore.Client: Searching in: 'C:\Program Files\dotnet\sdk\7.0.202\Extensions'.
TpTrace Information: 0 : 1444, 1, 2023/08/08, 18:12:47.422, 351522143250, vstest.console.dll, AssemblyResolver.OnResolve: Microsoft.Diagnostics.NETCore.Client: Loading assembly 'C:\Program Files\dotnet\sdk\7.0.202\Extensions\Microsoft.Diagnostics.NETCore.Client.dll'.
TpTrace Information: 0 : 1444, 1, 2023/08/08, 18:12:47.423, 351522150667, vstest.console.dll, AssemblyResolver.OnResolve: Resolved assembly: Microsoft.Diagnostics.NETCore.Client, from path: C:\Program Files\dotnet\sdk\7.0.202\Extensions\Microsoft.Diagnostics.NETCore.Client.dll
TpTrace Verbose: 0 : 1444, 1, 2023/08/08, 18:12:47.424, 351522167193, vstest.console.dll, MetadataReaderExtensionsHelper: Discovering extensions inside assembly 'Microsoft.Diagnostics.NETCore.Client, Version=0.2.6.42401, Culture=neutral, PublicKeyToken=31bf3856ad364e35' file path 'C:\Program Files\dotnet\sdk\7.0.202\Extensions\Microsoft.Diagnostics.NETCore.Client.dll'
TpTrace Information: 0 : 1444, 1, 2023/08/08, 18:12:47.443, 351522355369, vstest.console.dll, AssemblyResolver.OnResolve: Microsoft.Bcl.AsyncInterfaces: Resolving assembly.
TpTrace Information: 0 : 1444, 1, 2023/08/08, 18:12:47.444, 351522359938, vstest.console.dll, AssemblyResolver.OnResolve: Microsoft.Bcl.AsyncInterfaces: Searching in: 'C:\Program Files\dotnet\sdk\7.0.202\Extensions'.
TpTrace Information: 0 : 1444, 1, 2023/08/08, 18:12:47.444, 351522361217, vstest.console.dll, AssemblyResolver.OnResolve: Microsoft.Bcl.AsyncInterfaces: Assembly path does not exist: 'C:\Program Files\dotnet\sdk\7.0.202\Extensions\Microsoft.Bcl.AsyncInterfaces.dll', returning.
TpTrace Information: 0 : 1444, 1, 2023/08/08, 18:12:47.444, 351522363442, vstest.console.dll, AssemblyResolver.OnResolve: Microsoft.Bcl.AsyncInterfaces: Assembly path does not exist: 'C:\Program Files\dotnet\sdk\7.0.202\Extensions\Microsoft.Bcl.AsyncInterfaces.exe', returning.
TpTrace Information: 0 : 1444, 1, 2023/08/08, 18:12:47.444, 351522363895, vstest.console.dll, AssemblyResolver.OnResolve: Microsoft.Bcl.AsyncInterfaces: Searching in: 'C:\Program Files\dotnet\sdk\7.0.202'.
TpTrace Information: 0 : 1444, 1, 2023/08/08, 18:12:47.444, 351522364589, vstest.console.dll, AssemblyResolver.OnResolve: Microsoft.Bcl.AsyncInterfaces: Assembly path does not exist: 'C:\Program Files\dotnet\sdk\7.0.202\Microsoft.Bcl.AsyncInterfaces.dll', returning.
TpTrace Information: 0 : 1444, 1, 2023/08/08, 18:12:47.444, 351522365266, vstest.console.dll, AssemblyResolver.OnResolve: Microsoft.Bcl.AsyncInterfaces: Assembly path does not exist: 'C:\Program Files\dotnet\sdk\7.0.202\Microsoft.Bcl.AsyncInterfaces.exe', returning.
TpTrace Information: 0 : 1444, 1, 2023/08/08, 18:12:47.444, 351522365630, vstest.console.dll, AssemblyResolver.OnResolve: Microsoft.Bcl.AsyncInterfaces: Failed to load assembly.
TpTrace Verbose: 0 : 1444, 1, 2023/08/08, 18:12:47.444, 351522366031, vstest.console.dll, CurrentDomainAssemblyResolve: Resolving assembly 'Microsoft.Bcl.AsyncInterfaces'.
TpTrace Information: 0 : 1444, 1, 2023/08/08, 18:12:47.445, 351522368752, vstest.console.dll, AssemblyResolver.OnResolve: Microsoft.Bcl.AsyncInterfaces: Resolving assembly.
TpTrace Information: 0 : 1444, 1, 2023/08/08, 18:12:47.445, 351522369331, vstest.console.dll, AssemblyResolver.OnResolve: Microsoft.Bcl.AsyncInterfaces: Resolved from cache.
TpTrace Verbose: 0 : 1444, 1, 2023/08/08, 18:12:47.445, 351522369620, vstest.console.dll, CurrentDomainAssemblyResolve: Resolving assembly 'Microsoft.Bcl.AsyncInterfaces'.
TpTrace Verbose: 0 : 1444, 1, 2023/08/08, 18:12:47.445, 351522369998, vstest.console.dll, CurrentDomainAssemblyResolve: Failed to resolve assembly 'Microsoft.Bcl.AsyncInterfaces'.
TpTrace Verbose: 0 : 1444, 1, 2023/08/08, 18:12:47.446, 351522381069, vstest.console.dll, CurrentDomainAssemblyResolve: Failed to resolve assembly 'Microsoft.Bcl.AsyncInterfaces'.
TpTrace Warning: 0 : 1444, 1, 2023/08/08, 18:12:47.468, 351522599797, vstest.console.dll, TestPluginDiscoverer: Failed to get types from assembly 'Microsoft.Diagnostics.NETCore.Client, Version=0.2.6.42401, Culture=neutral, PublicKeyToken=31bf3856ad364e35'. Error: System.Reflection.ReflectionTypeLoadException: Unable to load one or more of the requested types.
Could not load file or assembly 'Microsoft.Bcl.AsyncInterfaces, Version=1.0.0.0, Culture=neutral, PublicKeyToken=cc7b13ffcd2ddd51'. The system cannot find the file specified.
   at System.Reflection.RuntimeModule.GetTypes(RuntimeModule module)
   at System.Reflection.Assembly.GetTypes()
   at Microsoft.VisualStudio.TestPlatform.Common.ExtensionFramework.TestPluginDiscoverer.GetTestExtensionsFromAssembly[TPluginInfo,TExtension](Assembly assembly, Dictionary`2 pluginInfos, String filePath)
System.IO.FileNotFoundException: Could not load file or assembly 'Microsoft.Bcl.AsyncInterfaces, Version=1.0.0.0, Culture=neutral, PublicKeyToken=cc7b13ffcd2ddd51'. The system cannot find the file specified.
File name: 'Microsoft.Bcl.AsyncInterfaces, Version=1.0.0.0, Culture=neutral, PublicKeyToken=cc7b13ffcd2ddd51'
 ---> System.IO.FileNotFoundException: Could not load file or assembly 'Microsoft.Bcl.AsyncInterfaces, Culture=neutral, PublicKeyToken=null'. The system cannot find the file specified.
File name: 'Microsoft.Bcl.AsyncInterfaces, Culture=neutral, PublicKeyToken=null'
   at System.Reflection.RuntimeAssembly.InternalLoad(AssemblyName assemblyName, StackCrawlMark& stackMark, AssemblyLoadContext assemblyLoadContext, RuntimeAssembly requestingAssembly, Boolean throwOnFileNotFound)
   at System.Reflection.Assembly.Load(AssemblyName assemblyRef)
   at Microsoft.VisualStudio.TestPlatform.Common.ExtensionFramework.TestPluginCache.CurrentDomainAssemblyResolve(Object sender, AssemblyResolveEventArgs args)
   at System.Runtime.Loader.AssemblyLoadContext.GetFirstResolvedAssemblyFromResolvingEvent(AssemblyName assemblyName)
   at System.Runtime.Loader.AssemblyLoadContext.ResolveUsingEvent(AssemblyName assemblyName)
   at System.Runtime.Loader.AssemblyLoadContext.ResolveUsingResolvingEvent(IntPtr gchManagedAssemblyLoadContext, AssemblyName assemblyName)
TpTrace Warning: 0 : 1444, 1, 2023/08/08, 18:12:47.469, 351522608551, vstest.console.dll, LoaderExceptions: System.IO.FileNotFoundException: Could not load file or assembly 'Microsoft.Bcl.AsyncInterfaces, Version=1.0.0.0, Culture=neutral, PublicKeyToken=cc7b13ffcd2ddd51'. The system cannot find the file specified.
File name: 'Microsoft.Bcl.AsyncInterfaces, Version=1.0.0.0, Culture=neutral, PublicKeyToken=cc7b13ffcd2ddd51'
 ---> System.IO.FileNotFoundException: Could not load file or assembly 'Microsoft.Bcl.AsyncInterfaces, Culture=neutral, PublicKeyToken=null'. The system cannot find the file specified.
File name: 'Microsoft.Bcl.AsyncInterfaces, Culture=neutral, PublicKeyToken=null'
   at System.Reflection.RuntimeAssembly.InternalLoad(AssemblyName assemblyName, StackCrawlMark& stackMark, AssemblyLoadContext assemblyLoadContext, RuntimeAssembly requestingAssembly, Boolean throwOnFileNotFound)
   at System.Reflection.Assembly.Load(AssemblyName assemblyRef)
   at Microsoft.VisualStudio.TestPlatform.Common.ExtensionFramework.TestPluginCache.CurrentDomainAssemblyResolve(Object sender, AssemblyResolveEventArgs args)
   at System.Runtime.Loader.AssemblyLoadContext.GetFirstResolvedAssemblyFromResolvingEvent(AssemblyName assemblyName)
   at System.Runtime.Loader.AssemblyLoadContext.ResolveUsingEvent(AssemblyName assemblyName)
   at System.Runtime.Loader.AssemblyLoadContext.ResolveUsingResolvingEvent(IntPtr gchManagedAssemblyLoadContext, AssemblyName assemblyName)
TpTrace Information: 0 : 1444, 1, 2023/08/08, 18:12:47.469, 351522613335, vstest.console.dll, AssemblyResolver.OnResolve: Microsoft.TestPlatform.Extensions.BlameDataCollector: Resolving assembly.
TpTrace Information: 0 : 1444, 1, 2023/08/08, 18:12:47.469, 351522614415, vstest.console.dll, AssemblyResolver.OnResolve: Microsoft.TestPlatform.Extensions.BlameDataCollector: Searching in: 'C:\Program Files\dotnet\sdk\7.0.202\Extensions'.
TpTrace Information: 0 : 1444, 1, 2023/08/08, 18:12:47.470, 351522627925, vstest.console.dll, AssemblyResolver.OnResolve: Microsoft.TestPlatform.Extensions.BlameDataCollector: Loading assembly 'C:\Program Files\dotnet\sdk\7.0.202\Extensions\Microsoft.TestPlatform.Extensions.BlameDataCollector.dll'.
TpTrace Information: 0 : 1444, 1, 2023/08/08, 18:12:47.471, 351522635764, vstest.console.dll, AssemblyResolver.OnResolve: Resolved assembly: Microsoft.TestPlatform.Extensions.BlameDataCollector, from path: C:\Program Files\dotnet\sdk\7.0.202\Extensions\Microsoft.TestPlatform.Extensions.BlameDataCollector.dll
TpTrace Verbose: 0 : 1444, 1, 2023/08/08, 18:12:47.471, 351522637928, vstest.console.dll, MetadataReaderExtensionsHelper: Discovering extensions inside assembly 'Microsoft.TestPlatform.Extensions.BlameDataCollector, Version=15.0.0.0, Culture=neutral, PublicKeyToken=b03f5f7f11d50a3a' file path 'C:\Program Files\dotnet\sdk\7.0.202\Extensions\Microsoft.TestPlatform.Extensions.BlameDataCollector.dll'
TpTrace Information: 0 : 1444, 1, 2023/08/08, 18:12:47.474, 351522663613, vstest.console.dll, AssemblyResolver.OnResolve: Microsoft.TestPlatform.Extensions.EventLogCollector: Resolving assembly.
TpTrace Information: 0 : 1444, 1, 2023/08/08, 18:12:47.474, 351522664824, vstest.console.dll, AssemblyResolver.OnResolve: Microsoft.TestPlatform.Extensions.EventLogCollector: Searching in: 'C:\Program Files\dotnet\sdk\7.0.202\Extensions'.
TpTrace Information: 0 : 1444, 1, 2023/08/08, 18:12:47.475, 351522668658, vstest.console.dll, AssemblyResolver.OnResolve: Microsoft.TestPlatform.Extensions.EventLogCollector: Loading assembly 'C:\Program Files\dotnet\sdk\7.0.202\Extensions\Microsoft.TestPlatform.Extensions.EventLogCollector.dll'.
TpTrace Information: 0 : 1444, 1, 2023/08/08, 18:12:47.475, 351522672145, vstest.console.dll, AssemblyResolver.OnResolve: Resolved assembly: Microsoft.TestPlatform.Extensions.EventLogCollector, from path: C:\Program Files\dotnet\sdk\7.0.202\Extensions\Microsoft.TestPlatform.Extensions.EventLogCollector.dll
TpTrace Verbose: 0 : 1444, 1, 2023/08/08, 18:12:47.475, 351522672774, vstest.console.dll, MetadataReaderExtensionsHelper: Discovering extensions inside assembly 'Microsoft.TestPlatform.Extensions.EventLogCollector, Version=15.0.0.0, Culture=neutral, PublicKeyToken=b03f5f7f11d50a3a' file path 'C:\Program Files\dotnet\sdk\7.0.202\Extensions\Microsoft.TestPlatform.Extensions.EventLogCollector.dll'
TpTrace Information: 0 : 1444, 1, 2023/08/08, 18:12:47.477, 351522693361, vstest.console.dll, AssemblyResolver.OnResolve: Microsoft.TestPlatform.TestHostRuntimeProvider: Resolving assembly.
TpTrace Information: 0 : 1444, 1, 2023/08/08, 18:12:47.477, 351522694161, vstest.console.dll, AssemblyResolver.OnResolve: Microsoft.TestPlatform.TestHostRuntimeProvider: Searching in: 'C:\Program Files\dotnet\sdk\7.0.202\Extensions'.
TpTrace Information: 0 : 1444, 1, 2023/08/08, 18:12:47.477, 351522697007, vstest.console.dll, AssemblyResolver.OnResolve: Microsoft.TestPlatform.TestHostRuntimeProvider: Loading assembly 'C:\Program Files\dotnet\sdk\7.0.202\Extensions\Microsoft.TestPlatform.TestHostRuntimeProvider.dll'.
TpTrace Information: 0 : 1444, 1, 2023/08/08, 18:12:47.478, 351522700184, vstest.console.dll, AssemblyResolver.OnResolve: Resolved assembly: Microsoft.TestPlatform.TestHostRuntimeProvider, from path: C:\Program Files\dotnet\sdk\7.0.202\Extensions\Microsoft.TestPlatform.TestHostRuntimeProvider.dll
TpTrace Verbose: 0 : 1444, 1, 2023/08/08, 18:12:47.478, 351522700801, vstest.console.dll, MetadataReaderExtensionsHelper: Discovering extensions inside assembly 'Microsoft.TestPlatform.TestHostRuntimeProvider, Version=15.0.0.0, Culture=neutral, PublicKeyToken=b03f5f7f11d50a3a' file path 'C:\Program Files\dotnet\sdk\7.0.202\Extensions\Microsoft.TestPlatform.TestHostRuntimeProvider.dll'
TpTrace Information: 0 : 1444, 1, 2023/08/08, 18:12:47.479, 351522717670, vstest.console.dll, GetTestExtensionFromType: Register extension with identifier data 'HostProvider://DefaultTestHost' and type 'Microsoft.VisualStudio.TestPlatform.CrossPlatEngine.Hosting.DefaultTestHostManager, Microsoft.TestPlatform.TestHostRuntimeProvider, Version=15.0.0.0, Culture=neutral, PublicKeyToken=b03f5f7f11d50a3a' inside file 'C:\Program Files\dotnet\sdk\7.0.202\Extensions\Microsoft.TestPlatform.TestHostRuntimeProvider.dll'
TpTrace Information: 0 : 1444, 1, 2023/08/08, 18:12:47.480, 351522720095, vstest.console.dll, GetTestExtensionFromType: Register extension with identifier data 'HostProvider://DotnetTestHost' and type 'Microsoft.VisualStudio.TestPlatform.CrossPlatEngine.Hosting.DotnetTestHostManager, Microsoft.TestPlatform.TestHostRuntimeProvider, Version=15.0.0.0, Culture=neutral, PublicKeyToken=b03f5f7f11d50a3a' inside file 'C:\Program Files\dotnet\sdk\7.0.202\Extensions\Microsoft.TestPlatform.TestHostRuntimeProvider.dll'
TpTrace Information: 0 : 1444, 1, 2023/08/08, 18:12:47.480, 351522720847, vstest.console.dll, AssemblyResolver.OnResolve: Microsoft.VisualStudio.TestPlatform.Extensions.Html.TestLogger: Resolving assembly.
TpTrace Information: 0 : 1444, 1, 2023/08/08, 18:12:47.480, 351522721242, vstest.console.dll, AssemblyResolver.OnResolve: Microsoft.VisualStudio.TestPlatform.Extensions.Html.TestLogger: Searching in: 'C:\Program Files\dotnet\sdk\7.0.202\Extensions'.
TpTrace Information: 0 : 1444, 1, 2023/08/08, 18:12:47.480, 351522724667, vstest.console.dll, AssemblyResolver.OnResolve: Microsoft.VisualStudio.TestPlatform.Extensions.Html.TestLogger: Loading assembly 'C:\Program Files\dotnet\sdk\7.0.202\Extensions\Microsoft.VisualStudio.TestPlatform.Extensions.Html.TestLogger.dll'.
TpTrace Information: 0 : 1444, 1, 2023/08/08, 18:12:47.480, 351522728195, vstest.console.dll, AssemblyResolver.OnResolve: Resolved assembly: Microsoft.VisualStudio.TestPlatform.Extensions.Html.TestLogger, from path: C:\Program Files\dotnet\sdk\7.0.202\Extensions\Microsoft.VisualStudio.TestPlatform.Extensions.Html.TestLogger.dll
TpTrace Verbose: 0 : 1444, 1, 2023/08/08, 18:12:47.481, 351522728889, vstest.console.dll, MetadataReaderExtensionsHelper: Discovering extensions inside assembly 'Microsoft.VisualStudio.TestPlatform.Extensions.Html.TestLogger, Version=15.0.0.0, Culture=neutral, PublicKeyToken=b03f5f7f11d50a3a' file path 'C:\Program Files\dotnet\sdk\7.0.202\Extensions\Microsoft.VisualStudio.TestPlatform.Extensions.Html.TestLogger.dll'
TpTrace Information: 0 : 1444, 1, 2023/08/08, 18:12:47.481, 351522736548, vstest.console.dll, AssemblyResolver.OnResolve: Microsoft.VisualStudio.TestPlatform.Extensions.Trx.TestLogger: Resolving assembly.
TpTrace Information: 0 : 1444, 1, 2023/08/08, 18:12:47.481, 351522737214, vstest.console.dll, AssemblyResolver.OnResolve: Microsoft.VisualStudio.TestPlatform.Extensions.Trx.TestLogger: Searching in: 'C:\Program Files\dotnet\sdk\7.0.202\Extensions'.
TpTrace Information: 0 : 1444, 1, 2023/08/08, 18:12:47.482, 351522739877, vstest.console.dll, AssemblyResolver.OnResolve: Microsoft.VisualStudio.TestPlatform.Extensions.Trx.TestLogger: Loading assembly 'C:\Program Files\dotnet\sdk\7.0.202\Extensions\Microsoft.VisualStudio.TestPlatform.Extensions.Trx.TestLogger.dll'.
TpTrace Information: 0 : 1444, 1, 2023/08/08, 18:12:47.482, 351522743401, vstest.console.dll, AssemblyResolver.OnResolve: Resolved assembly: Microsoft.VisualStudio.TestPlatform.Extensions.Trx.TestLogger, from path: C:\Program Files\dotnet\sdk\7.0.202\Extensions\Microsoft.VisualStudio.TestPlatform.Extensions.Trx.TestLogger.dll
TpTrace Verbose: 0 : 1444, 1, 2023/08/08, 18:12:47.483, 351522749581, vstest.console.dll, MetadataReaderExtensionsHelper: Discovering extensions inside assembly 'Microsoft.VisualStudio.TestPlatform.Extensions.Trx.TestLogger, Version=15.0.0.0, Culture=neutral, PublicKeyToken=b03f5f7f11d50a3a' file path 'C:\Program Files\dotnet\sdk\7.0.202\Extensions\Microsoft.VisualStudio.TestPlatform.Extensions.Trx.TestLogger.dll'
TpTrace Verbose: 0 : 1444, 1, 2023/08/08, 18:12:47.484, 351522765741, vstest.console.dll, TestPluginCache: Discovered the extensions using extension path ''.
TpTrace Verbose: 0 : 1444, 1, 2023/08/08, 18:12:47.484, 351522766854, vstest.console.dll, TestPluginCache: Discoverers are ''.
TpTrace Verbose: 0 : 1444, 1, 2023/08/08, 18:12:47.484, 351522767518, vstest.console.dll, TestPluginCache: Executors are ''.
TpTrace Verbose: 0 : 1444, 1, 2023/08/08, 18:12:47.484, 351522767923, vstest.console.dll, TestPluginCache: Executors2 are ''.
TpTrace Verbose: 0 : 1444, 1, 2023/08/08, 18:12:47.485, 351522768548, vstest.console.dll, TestPluginCache: Setting providers are ''.
TpTrace Verbose: 0 : 1444, 1, 2023/08/08, 18:12:47.485, 351522768947, vstest.console.dll, TestPluginCache: Loggers are ''.
TpTrace Verbose: 0 : 1444, 1, 2023/08/08, 18:12:47.485, 351522770284, vstest.console.dll, TestPluginCache: TestHosts are 'HostProvider://DefaultTestHost,HostProvider://DotnetTestHost'.
TpTrace Verbose: 0 : 1444, 1, 2023/08/08, 18:12:47.485, 351522770643, vstest.console.dll, TestPluginCache: DataCollectors are ''.
TpTrace Information: 0 : 1444, 1, 2023/08/08, 18:12:47.494, 351522862860, vstest.console.dll, RunTestsArgumentProcessor:Execute: Test run is starting.
TpTrace Verbose: 0 : 1444, 1, 2023/08/08, 18:12:47.494, 351522863682, vstest.console.dll, RunTestsArgumentProcessor:Execute: Queuing Test run.
TpTrace Information: 0 : 1444, 1, 2023/08/08, 18:12:47.494, 351522866511, vstest.console.dll, TestRequestManager.RunTests: run tests started.
TpTrace Information: 0 : 1444, 1, 2023/08/08, 18:12:47.526, 351523180846, vstest.console.dll, AssemblyMetadataProvider.GetFrameworkName: Determined framework:'.NETCoreApp,Version=v6.0' for source: 'C:\Users\Admin\source\repos\SoftUniWeb-CourseProjectC#\GameCatalogue.Services.Tests\bin\Debug\net6.0\fine-code-coverage\build-output\GameCatalogue.Services.Tests.dll'
TpTrace Information: 0 : 1444, 1, 2023/08/08, 18:12:47.526, 351523183089, vstest.console.dll, Determined framework for all sources: .NETCoreApp,Version=v6.0
TpTrace Verbose: 0 : 1444, 1, 2023/08/08, 18:12:47.526, 351523187452, vstest.console.dll, TestRequestManager.UpdateRunSettingsIfRequired: Default architecture: X64 IsDefaultTargetArchitecture: True, Current process architecture: X64 OperatingSystem: Windows.
TpTrace Information: 0 : 1444, 1, 2023/08/08, 18:12:47.528, 351523205206, vstest.console.dll, AssemblyMetadataProvider.GetArchitecture: Determined architecture:AnyCPU info for assembly: C:\Users\Admin\source\repos\SoftUniWeb-CourseProjectC#\GameCatalogue.Services.Tests\bin\Debug\net6.0\fine-code-coverage\build-output\GameCatalogue.Services.Tests.dll
TpTrace Information: 0 : 1444, 1, 2023/08/08, 18:12:47.528, 351523205880, vstest.console.dll, Determined platform for source 'C:\Users\Admin\source\repos\SoftUniWeb-CourseProjectC#\GameCatalogue.Services.Tests\bin\Debug\net6.0\fine-code-coverage\build-output\GameCatalogue.Services.Tests.dll' was AnyCPU and it will use the default plaform X64.
TpTrace Information: 0 : 1444, 1, 2023/08/08, 18:12:47.528, 351523206615, vstest.console.dll, None of the sources provided any runnable platform, using the default platform: X64
TpTrace Information: 0 : 1444, 1, 2023/08/08, 18:12:47.528, 351523207541, vstest.console.dll, Platform was updated to 'X64'.
TpTrace Information: 0 : 1444, 1, 2023/08/08, 18:12:47.532, 351523244973, vstest.console.dll, InferRunSettingsHelper.IsTestSettingsEnabled: Unable to navigate to RunSettings/MSTest. Current node: RunSettings
TpTrace Information: 0 : 1444, 1, 2023/08/08, 18:12:47.533, 351523252019, vstest.console.dll, AssemblyResolver.OnResolve: Microsoft.VisualStudio.TestPlatform.Fakes: Resolving assembly.
TpTrace Information: 0 : 1444, 1, 2023/08/08, 18:12:47.533, 351523252587, vstest.console.dll, AssemblyResolver.OnResolve: Microsoft.VisualStudio.TestPlatform.Fakes: Searching in: 'C:\Program Files\dotnet\sdk\7.0.202\Extensions'.
TpTrace Information: 0 : 1444, 1, 2023/08/08, 18:12:47.533, 351523253660, vstest.console.dll, AssemblyResolver.OnResolve: Microsoft.VisualStudio.TestPlatform.Fakes: Assembly path does not exist: 'C:\Program Files\dotnet\sdk\7.0.202\Extensions\Microsoft.VisualStudio.TestPlatform.Fakes.dll', returning.
TpTrace Information: 0 : 1444, 1, 2023/08/08, 18:12:47.533, 351523254750, vstest.console.dll, AssemblyResolver.OnResolve: Microsoft.VisualStudio.TestPlatform.Fakes: Assembly path does not exist: 'C:\Program Files\dotnet\sdk\7.0.202\Extensions\Microsoft.VisualStudio.TestPlatform.Fakes.exe', returning.
TpTrace Information: 0 : 1444, 1, 2023/08/08, 18:12:47.533, 351523255634, vstest.console.dll, AssemblyResolver.OnResolve: Microsoft.VisualStudio.TestPlatform.Fakes: Searching in: 'C:\Program Files\dotnet\sdk\7.0.202'.
TpTrace Information: 0 : 1444, 1, 2023/08/08, 18:12:47.533, 351523256772, vstest.console.dll, AssemblyResolver.OnResolve: Microsoft.VisualStudio.TestPlatform.Fakes: Assembly path does not exist: 'C:\Program Files\dotnet\sdk\7.0.202\Microsoft.VisualStudio.TestPlatform.Fakes.dll', returning.
TpTrace Information: 0 : 1444, 1, 2023/08/08, 18:12:47.533, 351523257629, vstest.console.dll, AssemblyResolver.OnResolve: Microsoft.VisualStudio.TestPlatform.Fakes: Assembly path does not exist: 'C:\Program Files\dotnet\sdk\7.0.202\Microsoft.VisualStudio.TestPlatform.Fakes.exe', returning.
TpTrace Information: 0 : 1444, 1, 2023/08/08, 18:12:47.533, 351523257973, vstest.console.dll, AssemblyResolver.OnResolve: Microsoft.VisualStudio.TestPlatform.Fakes: Failed to load assembly.
TpTrace Information: 0 : 1444, 1, 2023/08/08, 18:12:47.534, 351523260399, vstest.console.dll, Failed to load assembly Microsoft.VisualStudio.TestPlatform.Fakes, Version=17.0.0.0, Culture=neutral. Reason:System.IO.FileNotFoundException: Could not load file or assembly 'Microsoft.VisualStudio.TestPlatform.Fakes, Version=17.0.0.0, Culture=neutral, PublicKeyToken=null'. The system cannot find the file specified.
File name: 'Microsoft.VisualStudio.TestPlatform.Fakes, Version=17.0.0.0, Culture=neutral, PublicKeyToken=null'
   at System.Reflection.RuntimeAssembly.InternalLoad(AssemblyName assemblyName, StackCrawlMark& stackMark, AssemblyLoadContext assemblyLoadContext, RuntimeAssembly requestingAssembly, Boolean throwOnFileNotFound)
   at System.Reflection.Assembly.Load(AssemblyName assemblyRef)
   at Microsoft.VisualStudio.TestPlatform.Common.Utilities.FakesUtilities.LoadTestPlatformAssembly()
TpTrace Verbose: 0 : 1444, 1, 2023/08/08, 18:12:47.537, 351523296155, vstest.console.dll, TestPluginCache.DiscoverTestExtensions: finding test extensions in assemblies ends with: TestLogger.dll TPluginInfo: Microsoft.VisualStudio.TestPlatform.Common.ExtensionFramework.Utilities.TestLoggerPluginInformation TExtension: Microsoft.VisualStudio.TestPlatform.ObjectModel.Client.ITestLogger
TpTrace Verbose: 0 : 1444, 1, 2023/08/08, 18:12:47.537, 351523297446, vstest.console.dll, TestPluginCache.GetExtensionPaths: Filtered extension paths: 
TpTrace Verbose: 0 : 1444, 1, 2023/08/08, 18:12:47.537, 351523297927, vstest.console.dll, TestPluginCache.GetExtensionPaths: Added default extension paths: C:\Program Files\dotnet\sdk\7.0.202\Extensions\Microsoft.Diagnostics.NETCore.Client.dll
C:\Program Files\dotnet\sdk\7.0.202\Extensions\Microsoft.TestPlatform.Extensions.BlameDataCollector.dll
C:\Program Files\dotnet\sdk\7.0.202\Extensions\Microsoft.TestPlatform.Extensions.EventLogCollector.dll
C:\Program Files\dotnet\sdk\7.0.202\Extensions\Microsoft.TestPlatform.TestHostRuntimeProvider.dll
C:\Program Files\dotnet\sdk\7.0.202\Extensions\Microsoft.VisualStudio.TestPlatform.Extensions.Html.TestLogger.dll
C:\Program Files\dotnet\sdk\7.0.202\Extensions\Microsoft.VisualStudio.TestPlatform.Extensions.Trx.TestLogger.dll
TpTrace Verbose: 0 : 1444, 1, 2023/08/08, 18:12:47.537, 351523298238, vstest.console.dll, TestPluginCache.GetExtensionPaths: Added unfilterableExtensionPaths: 
TpTrace Information: 0 : 1444, 1, 2023/08/08, 18:12:47.538, 351523300012, vstest.console.dll, AssemblyResolver.AddSearchDirectories: Adding more searchDirectories C:\Program Files\dotnet\sdk\7.0.202\Extensions,C:\Program Files\dotnet\sdk\7.0.202
TpTrace Verbose: 0 : 1444, 1, 2023/08/08, 18:12:47.538, 351523300567, vstest.console.dll, TestPluginCache.DiscoverTestExtensions: Discovering the extensions using extension path.
TpTrace Verbose: 0 : 1444, 1, 2023/08/08, 18:12:47.538, 351523300871, vstest.console.dll, TestPluginCache.GetExtensionPaths: Filtered extension paths: 
TpTrace Verbose: 0 : 1444, 1, 2023/08/08, 18:12:47.538, 351523301172, vstest.console.dll, TestPluginCache.GetExtensionPaths: Added default extension paths: C:\Program Files\dotnet\sdk\7.0.202\Extensions\Microsoft.Diagnostics.NETCore.Client.dll
C:\Program Files\dotnet\sdk\7.0.202\Extensions\Microsoft.TestPlatform.Extensions.BlameDataCollector.dll
C:\Program Files\dotnet\sdk\7.0.202\Extensions\Microsoft.TestPlatform.Extensions.EventLogCollector.dll
C:\Program Files\dotnet\sdk\7.0.202\Extensions\Microsoft.TestPlatform.TestHostRuntimeProvider.dll
C:\Program Files\dotnet\sdk\7.0.202\Extensions\Microsoft.VisualStudio.TestPlatform.Extensions.Html.TestLogger.dll
C:\Program Files\dotnet\sdk\7.0.202\Extensions\Microsoft.VisualStudio.TestPlatform.Extensions.Trx.TestLogger.dll
TpTrace Verbose: 0 : 1444, 1, 2023/08/08, 18:12:47.538, 351523301418, vstest.console.dll, TestPluginCache.GetExtensionPaths: Added unfilterableExtensionPaths: 
TpTrace Verbose: 0 : 1444, 1, 2023/08/08, 18:12:47.538, 351523301705, vstest.console.dll, TestPluginCache.DiscoverTestExtensions: Discovering the extensions using allExtensionPaths: C:\Program Files\dotnet\sdk\7.0.202\Extensions\Microsoft.Diagnostics.NETCore.Client.dll
C:\Program Files\dotnet\sdk\7.0.202\Extensions\Microsoft.TestPlatform.Extensions.BlameDataCollector.dll
C:\Program Files\dotnet\sdk\7.0.202\Extensions\Microsoft.TestPlatform.Extensions.EventLogCollector.dll
C:\Program Files\dotnet\sdk\7.0.202\Extensions\Microsoft.TestPlatform.TestHostRuntimeProvider.dll
C:\Program Files\dotnet\sdk\7.0.202\Extensions\Microsoft.VisualStudio.TestPlatform.Extensions.Html.TestLogger.dll
C:\Program Files\dotnet\sdk\7.0.202\Extensions\Microsoft.VisualStudio.TestPlatform.Extensions.Trx.TestLogger.dll
TpTrace Information: 0 : 1444, 1, 2023/08/08, 18:12:47.538, 351523302661, vstest.console.dll, AssemblyResolver.AddSearchDirectories: Adding more searchDirectories C:\Program Files\dotnet\sdk\7.0.202\Extensions,C:\Program Files\dotnet\sdk\7.0.202
TpTrace Information: 0 : 1444, 1, 2023/08/08, 18:12:47.538, 351523303096, vstest.console.dll, AssemblyResolver.AddSearchDirectories: Adding more searchDirectories C:\Program Files\dotnet\sdk\7.0.202\Extensions,C:\Program Files\dotnet\sdk\7.0.202
TpTrace Information: 0 : 1444, 1, 2023/08/08, 18:12:47.538, 351523303380, vstest.console.dll, AssemblyResolver.AddSearchDirectories: Adding more searchDirectories C:\Program Files\dotnet\sdk\7.0.202\Extensions,C:\Program Files\dotnet\sdk\7.0.202
TpTrace Information: 0 : 1444, 1, 2023/08/08, 18:12:47.538, 351523303640, vstest.console.dll, AssemblyResolver.AddSearchDirectories: Adding more searchDirectories C:\Program Files\dotnet\sdk\7.0.202\Extensions,C:\Program Files\dotnet\sdk\7.0.202
TpTrace Information: 0 : 1444, 1, 2023/08/08, 18:12:47.538, 351523303927, vstest.console.dll, AssemblyResolver.AddSearchDirectories: Adding more searchDirectories C:\Program Files\dotnet\sdk\7.0.202\Extensions,C:\Program Files\dotnet\sdk\7.0.202
TpTrace Information: 0 : 1444, 1, 2023/08/08, 18:12:47.538, 351523304194, vstest.console.dll, AssemblyResolver.AddSearchDirectories: Adding more searchDirectories C:\Program Files\dotnet\sdk\7.0.202\Extensions,C:\Program Files\dotnet\sdk\7.0.202
TpTrace Verbose: 0 : 1444, 1, 2023/08/08, 18:12:47.538, 351523305216, vstest.console.dll, MetadataReaderExtensionsHelper: Discovering extensions inside assembly 'Microsoft.Diagnostics.NETCore.Client, Version=0.2.6.42401, Culture=neutral, PublicKeyToken=31bf3856ad364e35' file path 'C:\Program Files\dotnet\sdk\7.0.202\Extensions\Microsoft.Diagnostics.NETCore.Client.dll'
TpTrace Information: 0 : 1444, 1, 2023/08/08, 18:12:47.539, 351523312924, vstest.console.dll, AssemblyResolver.OnResolve: Microsoft.Bcl.AsyncInterfaces: Resolving assembly.
TpTrace Information: 0 : 1444, 1, 2023/08/08, 18:12:47.539, 351523313483, vstest.console.dll, AssemblyResolver.OnResolve: Microsoft.Bcl.AsyncInterfaces: Resolved from cache.
TpTrace Verbose: 0 : 1444, 1, 2023/08/08, 18:12:47.539, 351523313750, vstest.console.dll, CurrentDomainAssemblyResolve: Resolving assembly 'Microsoft.Bcl.AsyncInterfaces'.
TpTrace Information: 0 : 1444, 1, 2023/08/08, 18:12:47.539, 351523314155, vstest.console.dll, AssemblyResolver.OnResolve: Microsoft.Bcl.AsyncInterfaces: Resolving assembly.
TpTrace Information: 0 : 1444, 1, 2023/08/08, 18:12:47.539, 351523314426, vstest.console.dll, AssemblyResolver.OnResolve: Microsoft.Bcl.AsyncInterfaces: Resolved from cache.
TpTrace Verbose: 0 : 1444, 1, 2023/08/08, 18:12:47.539, 351523314706, vstest.console.dll, CurrentDomainAssemblyResolve: Resolving assembly 'Microsoft.Bcl.AsyncInterfaces'.
TpTrace Verbose: 0 : 1444, 1, 2023/08/08, 18:12:47.539, 351523314946, vstest.console.dll, CurrentDomainAssemblyResolve: Failed to resolve assembly 'Microsoft.Bcl.AsyncInterfaces'.
TpTrace Verbose: 0 : 1444, 1, 2023/08/08, 18:12:47.539, 351523316457, vstest.console.dll, CurrentDomainAssemblyResolve: Failed to resolve assembly 'Microsoft.Bcl.AsyncInterfaces'.
TpTrace Warning: 0 : 1444, 1, 2023/08/08, 18:12:47.540, 351523320218, vstest.console.dll, TestPluginDiscoverer: Failed to get types from assembly 'Microsoft.Diagnostics.NETCore.Client, Version=0.2.6.42401, Culture=neutral, PublicKeyToken=31bf3856ad364e35'. Error: System.Reflection.ReflectionTypeLoadException: Unable to load one or more of the requested types.
Could not load file or assembly 'Microsoft.Bcl.AsyncInterfaces, Version=1.0.0.0, Culture=neutral, PublicKeyToken=cc7b13ffcd2ddd51'. The system cannot find the file specified.
   at System.Reflection.RuntimeModule.GetTypes(RuntimeModule module)
   at System.Reflection.Assembly.GetTypes()
   at Microsoft.VisualStudio.TestPlatform.Common.ExtensionFramework.TestPluginDiscoverer.GetTestExtensionsFromAssembly[TPluginInfo,TExtension](Assembly assembly, Dictionary`2 pluginInfos, String filePath)
System.IO.FileNotFoundException: Could not load file or assembly 'Microsoft.Bcl.AsyncInterfaces, Version=1.0.0.0, Culture=neutral, PublicKeyToken=cc7b13ffcd2ddd51'. The system cannot find the file specified.
File name: 'Microsoft.Bcl.AsyncInterfaces, Version=1.0.0.0, Culture=neutral, PublicKeyToken=cc7b13ffcd2ddd51'
 ---> System.IO.FileNotFoundException: Could not load file or assembly 'Microsoft.Bcl.AsyncInterfaces, Culture=neutral, PublicKeyToken=null'. The system cannot find the file specified.
File name: 'Microsoft.Bcl.AsyncInterfaces, Culture=neutral, PublicKeyToken=null'
   at System.Reflection.RuntimeAssembly.InternalLoad(AssemblyName assemblyName, StackCrawlMark& stackMark, AssemblyLoadContext assemblyLoadContext, RuntimeAssembly requestingAssembly, Boolean throwOnFileNotFound)
   at System.Reflection.Assembly.Load(AssemblyName assemblyRef)
   at Microsoft.VisualStudio.TestPlatform.Common.ExtensionFramework.TestPluginCache.CurrentDomainAssemblyResolve(Object sender, AssemblyResolveEventArgs args)
   at System.Runtime.Loader.AssemblyLoadContext.GetFirstResolvedAssemblyFromResolvingEvent(AssemblyName assemblyName)
   at System.Runtime.Loader.AssemblyLoadContext.ResolveUsingEvent(AssemblyName assemblyName)
   at System.Runtime.Loader.AssemblyLoadContext.ResolveUsingResolvingEvent(IntPtr gchManagedAssemblyLoadContext, AssemblyName assemblyName)
TpTrace Warning: 0 : 1444, 1, 2023/08/08, 18:12:47.540, 351523321727, vstest.console.dll, LoaderExceptions: System.IO.FileNotFoundException: Could not load file or assembly 'Microsoft.Bcl.AsyncInterfaces, Version=1.0.0.0, Culture=neutral, PublicKeyToken=cc7b13ffcd2ddd51'. The system cannot find the file specified.
File name: 'Microsoft.Bcl.AsyncInterfaces, Version=1.0.0.0, Culture=neutral, PublicKeyToken=cc7b13ffcd2ddd51'
 ---> System.IO.FileNotFoundException: Could not load file or assembly 'Microsoft.Bcl.AsyncInterfaces, Culture=neutral, PublicKeyToken=null'. The system cannot find the file specified.
File name: 'Microsoft.Bcl.AsyncInterfaces, Culture=neutral, PublicKeyToken=null'
   at System.Reflection.RuntimeAssembly.InternalLoad(AssemblyName assemblyName, StackCrawlMark& stackMark, AssemblyLoadContext assemblyLoadContext, RuntimeAssembly requestingAssembly, Boolean throwOnFileNotFound)
   at System.Reflection.Assembly.Load(AssemblyName assemblyRef)
   at Microsoft.VisualStudio.TestPlatform.Common.ExtensionFramework.TestPluginCache.CurrentDomainAssemblyResolve(Object sender, AssemblyResolveEventArgs args)
   at System.Runtime.Loader.AssemblyLoadContext.GetFirstResolvedAssemblyFromResolvingEvent(AssemblyName assemblyName)
   at System.Runtime.Loader.AssemblyLoadContext.ResolveUsingEvent(AssemblyName assemblyName)
   at System.Runtime.Loader.AssemblyLoadContext.ResolveUsingResolvingEvent(IntPtr gchManagedAssemblyLoadContext, AssemblyName assemblyName)
TpTrace Verbose: 0 : 1444, 1, 2023/08/08, 18:12:47.540, 351523322533, vstest.console.dll, MetadataReaderExtensionsHelper: Discovering extensions inside assembly 'Microsoft.TestPlatform.Extensions.BlameDataCollector, Version=15.0.0.0, Culture=neutral, PublicKeyToken=b03f5f7f11d50a3a' file path 'C:\Program Files\dotnet\sdk\7.0.202\Extensions\Microsoft.TestPlatform.Extensions.BlameDataCollector.dll'
TpTrace Information: 0 : 1444, 1, 2023/08/08, 18:12:47.540, 351523327845, vstest.console.dll, GetTestExtensionFromType: Register extension with identifier data 'logger://Microsoft/TestPlatform/Extensions/Blame/v1' and type 'Microsoft.TestPlatform.Extensions.BlameDataCollector.BlameLogger, Microsoft.TestPlatform.Extensions.BlameDataCollector, Version=15.0.0.0, Culture=neutral, PublicKeyToken=b03f5f7f11d50a3a' inside file 'C:\Program Files\dotnet\sdk\7.0.202\Extensions\Microsoft.TestPlatform.Extensions.BlameDataCollector.dll'
TpTrace Verbose: 0 : 1444, 1, 2023/08/08, 18:12:47.541, 351523328457, vstest.console.dll, MetadataReaderExtensionsHelper: Discovering extensions inside assembly 'Microsoft.TestPlatform.Extensions.EventLogCollector, Version=15.0.0.0, Culture=neutral, PublicKeyToken=b03f5f7f11d50a3a' file path 'C:\Program Files\dotnet\sdk\7.0.202\Extensions\Microsoft.TestPlatform.Extensions.EventLogCollector.dll'
TpTrace Verbose: 0 : 1444, 1, 2023/08/08, 18:12:47.541, 351523331202, vstest.console.dll, MetadataReaderExtensionsHelper: Discovering extensions inside assembly 'Microsoft.TestPlatform.TestHostRuntimeProvider, Version=15.0.0.0, Culture=neutral, PublicKeyToken=b03f5f7f11d50a3a' file path 'C:\Program Files\dotnet\sdk\7.0.202\Extensions\Microsoft.TestPlatform.TestHostRuntimeProvider.dll'
TpTrace Verbose: 0 : 1444, 1, 2023/08/08, 18:12:47.541, 351523333713, vstest.console.dll, MetadataReaderExtensionsHelper: Discovering extensions inside assembly 'Microsoft.VisualStudio.TestPlatform.Extensions.Html.TestLogger, Version=15.0.0.0, Culture=neutral, PublicKeyToken=b03f5f7f11d50a3a' file path 'C:\Program Files\dotnet\sdk\7.0.202\Extensions\Microsoft.VisualStudio.TestPlatform.Extensions.Html.TestLogger.dll'
TpTrace Information: 0 : 1444, 1, 2023/08/08, 18:12:47.542, 351523339435, vstest.console.dll, GetTestExtensionFromType: Register extension with identifier data 'logger://Microsoft/TestPlatform/HtmlLogger/v1' and type 'Microsoft.VisualStudio.TestPlatform.Extensions.HtmlLogger.HtmlLogger, Microsoft.VisualStudio.TestPlatform.Extensions.Html.TestLogger, Version=15.0.0.0, Culture=neutral, PublicKeyToken=b03f5f7f11d50a3a' inside file 'C:\Program Files\dotnet\sdk\7.0.202\Extensions\Microsoft.VisualStudio.TestPlatform.Extensions.Html.TestLogger.dll'
TpTrace Verbose: 0 : 1444, 1, 2023/08/08, 18:12:47.542, 351523340151, vstest.console.dll, MetadataReaderExtensionsHelper: Discovering extensions inside assembly 'Microsoft.VisualStudio.TestPlatform.Extensions.Trx.TestLogger, Version=15.0.0.0, Culture=neutral, PublicKeyToken=b03f5f7f11d50a3a' file path 'C:\Program Files\dotnet\sdk\7.0.202\Extensions\Microsoft.VisualStudio.TestPlatform.Extensions.Trx.TestLogger.dll'
TpTrace Information: 0 : 1444, 1, 2023/08/08, 18:12:47.542, 351523343649, vstest.console.dll, GetTestExtensionFromType: Register extension with identifier data 'logger://Microsoft/TestPlatform/TrxLogger/v1' and type 'Microsoft.VisualStudio.TestPlatform.Extensions.TrxLogger.TrxLogger, Microsoft.VisualStudio.TestPlatform.Extensions.Trx.TestLogger, Version=15.0.0.0, Culture=neutral, PublicKeyToken=b03f5f7f11d50a3a' inside file 'C:\Program Files\dotnet\sdk\7.0.202\Extensions\Microsoft.VisualStudio.TestPlatform.Extensions.Trx.TestLogger.dll'
TpTrace Verbose: 0 : 1444, 1, 2023/08/08, 18:12:47.542, 351523344432, vstest.console.dll, TestPluginCache: Discovered the extensions using extension path ''.
TpTrace Verbose: 0 : 1444, 1, 2023/08/08, 18:12:47.542, 351523344841, vstest.console.dll, TestPluginCache: Discoverers are ''.
TpTrace Verbose: 0 : 1444, 1, 2023/08/08, 18:12:47.542, 351523345086, vstest.console.dll, TestPluginCache: Executors are ''.
TpTrace Verbose: 0 : 1444, 1, 2023/08/08, 18:12:47.542, 351523345391, vstest.console.dll, TestPluginCache: Executors2 are ''.
TpTrace Verbose: 0 : 1444, 1, 2023/08/08, 18:12:47.542, 351523345595, vstest.console.dll, TestPluginCache: Setting providers are ''.
TpTrace Verbose: 0 : 1444, 1, 2023/08/08, 18:12:47.542, 351523346263, vstest.console.dll, TestPluginCache: Loggers are 'logger://Microsoft/TestPlatform/Extensions/Blame/v1,logger://Microsoft/TestPlatform/HtmlLogger/v1,logger://Microsoft/TestPlatform/TrxLogger/v1'.
TpTrace Verbose: 0 : 1444, 1, 2023/08/08, 18:12:47.542, 351523346717, vstest.console.dll, TestPluginCache: TestHosts are 'HostProvider://DefaultTestHost,HostProvider://DotnetTestHost'.
TpTrace Verbose: 0 : 1444, 1, 2023/08/08, 18:12:47.542, 351523347103, vstest.console.dll, TestPluginCache: DataCollectors are ''.
TpTrace Information: 0 : 1444, 1, 2023/08/08, 18:12:47.543, 351523356968, vstest.console.dll, TestPluginManager.CreateTestExtension: Attempting to load test extension: Microsoft.TestPlatform.Extensions.BlameDataCollector.BlameLogger
TpTrace Verbose: 0 : 1444, 1, 2023/08/08, 18:12:47.551, 351523431719, vstest.console.dll, TestEngine: Initializing Parallel Execution as MaxCpuCount is set to: 1
TpTrace Information: 0 : 1444, 1, 2023/08/08, 18:12:47.553, 351523449244, vstest.console.dll, TestPluginManager.CreateTestExtension: Attempting to load test extension: Microsoft.VisualStudio.TestPlatform.CrossPlatEngine.Hosting.DefaultTestHostManager
TpTrace Information: 0 : 1444, 1, 2023/08/08, 18:12:47.553, 351523457151, vstest.console.dll, TestPluginManager.CreateTestExtension: Attempting to load test extension: Microsoft.VisualStudio.TestPlatform.CrossPlatEngine.Hosting.DotnetTestHostManager
TpTrace Information: 0 : 1444, 1, 2023/08/08, 18:12:47.554, 351523464117, vstest.console.dll, InferRunSettingsHelper.IsTestSettingsEnabled: Unable to navigate to RunSettings/MSTest. Current node: RunSettings
TpTrace Verbose: 0 : 1444, 1, 2023/08/08, 18:12:47.559, 351523509940, vstest.console.dll, TestEngine.GetExecutionManager: Chosen execution manager 'Microsoft.VisualStudio.TestPlatform.CrossPlatEngine.Client.Parallel.ParallelProxyExecutionManager, Microsoft.TestPlatform.CrossPlatEngine, Version=15.0.0.0, Culture=neutral, PublicKeyToken=b03f5f7f11d50a3a' ParallelLevel '1'.
TpTrace Verbose: 0 : 1444, 1, 2023/08/08, 18:12:47.559, 351523512112, vstest.console.dll, TestRunRequest.ExecuteAsync: Creating test run request.
TpTrace Verbose: 0 : 1444, 1, 2023/08/08, 18:12:47.559, 351523515177, vstest.console.dll, TestRunRequest.ExecuteAsync: Starting.
TpTrace Information: 0 : 1444, 1, 2023/08/08, 18:12:47.559, 351523517861, vstest.console.dll, TestRunRequest.ExecuteAsync: Starting run with settings:TestRunCriteria:
   KeepAlive=False,FrequencyOfRunStatsChangeEvent=10,RunStatsChangeEventTimeout=00:00:01.5000000,TestCaseFilter=,TestExecutorLauncher=
   Settingsxml=<RunSettings>
  <RunConfiguration>
    <ResultsDirectory>C:\Users\Admin\source\repos\SoftUniWeb-CourseProjectC#\GameCatalogue.Services.Tests\bin\Debug\net6.0\fine-code-coverage\coverage-tool-output</ResultsDirectory>
    <TargetPlatform>X64</TargetPlatform>
    <TargetFrameworkVersion>.NETCoreApp,Version=v6.0</TargetFrameworkVersion>
    <DesignMode>False</DesignMode>
    <CollectSourceInformation>False</CollectSourceInformation>
  </RunConfiguration>
  <LoggerRunSettings>
    <Loggers>
      <Logger friendlyName="blame" enabled="True" />
      <Logger friendlyName="Console" uri="logger://microsoft/TestPlatform/ConsoleLogger/v1" assemblyQualifiedName="Microsoft.VisualStudio.TestPlatform.CommandLine.Internal.ConsoleLogger, vstest.console, Version=15.0.0.0, Culture=neutral, PublicKeyToken=b03f5f7f11d50a3a" codeBase="C:\Program Files\dotnet\sdk\7.0.202\vstest.console.dll" enabled="True" />
    </Loggers>
  </LoggerRunSettings>
  <DataCollectionRunSettings>
    <DataCollectors>
      <DataCollector friendlyName="blame" enabled="True">
        <Configuration>
          <ResultsDirectory>C:\Users\Admin\source\repos\SoftUniWeb-CourseProjectC#\GameCatalogue.Services.Tests\bin\Debug\net6.0\fine-code-coverage\coverage-tool-output</ResultsDirectory>
        </Configuration>
      </DataCollector>
    </DataCollectors>
  </DataCollectionRunSettings>
</RunSettings>

TpTrace Verbose: 0 : 1444, 1, 2023/08/08, 18:12:47.559, 351523518385, vstest.console.dll, TestRunRequest.ExecuteAsync: Wait for the first run request is over.
TpTrace Verbose: 0 : 1444, 1, 2023/08/08, 18:12:47.560, 351523520963, vstest.console.dll, MulticastDelegateUtilities.SafeInvoke: TestRun.TestRunStart: Invoking callbacks was skipped because there are no subscribers.
TpTrace Verbose: 0 : 1444, 4, 2023/08/08, 18:12:47.560, 351523522816, vstest.console.dll, MulticastDelegateUtilities.SafeInvoke: InternalTestLoggerEvents.SendTestRunStart: Invoking callback 1/1 for Microsoft.VisualStudio.TestPlatform.CommandLine.Internal.ConsoleLogger., took 0 ms.
TpTrace Verbose: 0 : 1444, 1, 2023/08/08, 18:12:47.561, 351523534602, vstest.console.dll, ParallelProxyExecutionManager: Start execution. Total sources: 1
TpTrace Verbose: 0 : 1444, 1, 2023/08/08, 18:12:47.563, 351523555358, vstest.console.dll, TestRequestSender is acting as server.
TpTrace Verbose: 0 : 1444, 1, 2023/08/08, 18:12:47.565, 351523574411, vstest.console.dll, DataCollectionRequestSender.InitializeCommunication : Initialize communication. 
TpTrace Information: 0 : 1444, 1, 2023/08/08, 18:12:47.570, 351523622768, vstest.console.dll, Listening on Endpoint : 127.0.0.1:8514
TpTrace Verbose: 0 : 1444, 1, 2023/08/08, 18:12:47.578, 351523698535, vstest.console.dll, DotnetDataCollectionLauncher: Adding  --runtimeconfig "C:\Program Files\dotnet\sdk\7.0.202\datacollector.runtimeconfig.json" in args
TpTrace Verbose: 0 : 1444, 1, 2023/08/08, 18:12:47.578, 351523699704, vstest.console.dll, DotnetDataCollectionLauncher: Adding  --depsfile "C:\Program Files\dotnet\sdk\7.0.202\datacollector.deps.json" in args
TpTrace Verbose: 0 : 1444, 1, 2023/08/08, 18:12:47.578, 351523702249, vstest.console.dll, DotnetDataCollectionLauncher: Full path of dotnet.exe is C:\Program Files\dotnet\dotnet.exe
TpTrace Information: 0 : 1444, 1, 2023/08/08, 18:12:47.587, 351523792611, vstest.console.dll, ProxyDataCollectionManager.Initialize: Launched datacollector processId: 6972 port: 8514
TpTrace Information: 0 : 1444, 1, 2023/08/08, 18:12:47.587, 351523794190, vstest.console.dll, ProxyDataCollectionManager.Initialize: waiting for connection with timeout: 90 seconds
TpTrace Verbose: 0 : 1444, 1, 2023/08/08, 18:12:47.587, 351523794711, vstest.console.dll, DataCollectionRequestSender.WaitForRequestHandlerConnection : Waiting for connection with timeout: 90000
TpTrace Verbose: 0 : 1444, 1, 2023/08/08, 18:12:47.766, 351525588191, vstest.console.dll, SocketCommunicationManager.WaitForClientConnection took: 179 ms, with 90000 ms timeout, and finished with True.
TpTrace Information: 0 : 1444, 7, 2023/08/08, 18:12:47.766, 351525589324, vstest.console.dll, Using the buffer size of 16384 bytes
TpTrace Verbose: 0 : 1444, 1, 2023/08/08, 18:12:47.767, 351525589697, vstest.console.dll, ProxyDataCollectionManager.InvokeDataCollectionServiceAction: Starting.
TpTrace Information: 0 : 1444, 7, 2023/08/08, 18:12:47.767, 351525590237, vstest.console.dll, Accepted Client request and set the flag
TpTrace Information: 0 : 1444, 1, 2023/08/08, 18:12:47.767, 351525592044, vstest.console.dll, ProxyDataCollectionManager.BeforeTestRunStart: Get environment variable and port for datacollector processId: 6972 port: 8514
TpTrace Verbose: 0 : 1444, 1, 2023/08/08, 18:12:47.767, 351525593260, vstest.console.dll, DataCollectionRequestSender.SendBeforeTestRunStartAndGetResult: Send BeforeTestRunStart message with settingsXml <RunSettings><RunConfiguration><ResultsDirectory>C:\Users\Admin\source\repos\SoftUniWeb-CourseProjectC#\GameCatalogue.Services.Tests\bin\Debug\net6.0\fine-code-coverage\coverage-tool-output</ResultsDirectory><TargetPlatform>X64</TargetPlatform><TargetFrameworkVersion>.NETCoreApp,Version=v6.0</TargetFrameworkVersion><DesignMode>False</DesignMode><CollectSourceInformation>False</CollectSourceInformation><TestAdaptersPaths>C:\Program Files\dotnet\sdk\7.0.202\Extensions</TestAdaptersPaths></RunConfiguration><LoggerRunSettings><Loggers><Logger friendlyName="blame" enabled="True" /><Logger friendlyName="Console" uri="logger://microsoft/TestPlatform/ConsoleLogger/v1" assemblyQualifiedName="Microsoft.VisualStudio.TestPlatform.CommandLine.Internal.ConsoleLogger, vstest.console, Version=15.0.0.0, Culture=neutral, PublicKeyToken=b03f5f7f11d50a3a" codeBase="C:\Program Files\dotnet\sdk\7.0.202\vstest.console.dll" enabled="True" /></Loggers></LoggerRunSettings><DataCollectionRunSettings><DataCollectors><DataCollector friendlyName="blame" enabled="True"><Configuration><ResultsDirectory>C:\Users\Admin\source\repos\SoftUniWeb-CourseProjectC#\GameCatalogue.Services.Tests\bin\Debug\net6.0\fine-code-coverage\coverage-tool-output</ResultsDirectory></Configuration></DataCollector></DataCollectors></DataCollectionRunSettings></RunSettings> and sources System.Collections.Generic.List`1[System.String]: 
TpTrace Verbose: 0 : 1444, 1, 2023/08/08, 18:12:47.857, 351526492979, vstest.console.dll, DataCollectionRequestSender.SendBeforeTestRunStartAndGetResult: Received message: (DataCollection.SendMessage) -> {"MessageType":"DataCollection.SendMessage","Payload":{"FriendlyName":null,"Uri":null,"TestCaseId":"00000000-0000-0000-0000-000000000000","Message":"Logging DataCollector Diagnostics in file: C:\\Users\\Admin\\source\\repos\\SoftUniWeb-CourseProjectC#\\GameCatalogue.Services.Tests\\bin\\Debug\\net6.0\\fine-code-coverage\\coverage-tool-output\\diagnostics.datacollector.23-08-08_18-12-47_57765_1.log","Level":0}}
TpTrace Verbose: 0 : 1444, 1, 2023/08/08, 18:12:47.939, 351527309947, vstest.console.dll, DataCollectionRequestSender.SendBeforeTestRunStartAndGetResult: Received message: (DataCollection.BeforeTestRunStartResult) -> {"MessageType":"DataCollection.BeforeTestRunStartResult","Payload":{"EnvironmentVariables":{},"DataCollectionEventsPort":8516}}
TpTrace Information: 0 : 1444, 1, 2023/08/08, 18:12:47.944, 351527363082, vstest.console.dll, ProxyDataCollectionManager.BeforeTestRunStart: SendBeforeTestRunStartAndGetResult successful, env variable from datacollector:   and testhost port: 8516
TpTrace Information: 0 : 1444, 1, 2023/08/08, 18:12:47.944, 351527364221, vstest.console.dll, ProxyDataCollectionManager.InvokeDataCollectionServiceAction: Completed.
TpTrace Verbose: 0 : 1444, 7, 2023/08/08, 18:12:47.944, 351527365416, vstest.console.dll, ParallelProxyExecutionManager: Execution started. Started clients: 1
TpTrace Verbose: 0 : 1444, 1, 2023/08/08, 18:12:47.944, 351527365747, vstest.console.dll, ProxyParallelExecutionManager: No sources available for execution.
TpTrace Information: 0 : 1444, 1, 2023/08/08, 18:12:47.944, 351527366484, vstest.console.dll, TestRunRequest.ExecuteAsync: Started.
TpTrace Verbose: 0 : 1444, 1, 2023/08/08, 18:12:47.944, 351527367191, vstest.console.dll, TestRunRequest.WaitForCompletion: Waiting with timeout -1.
TpTrace Verbose: 0 : 1444, 7, 2023/08/08, 18:12:47.945, 351527368631, vstest.console.dll, TestRunRequest:SendTestRunMessage: Starting.
TpTrace Verbose: 0 : 1444, 7, 2023/08/08, 18:12:47.945, 351527370064, vstest.console.dll, MulticastDelegateUtilities.SafeInvoke: TestRun.LogMessages: Invoking callback 1/1 for Microsoft.VisualStudio.TestPlatform.CommandLine.TestRunResultAggregator., took 0 ms.
TpTrace Verbose: 0 : 1444, 4, 2023/08/08, 18:12:47.945, 351527370062, vstest.console.dll, MulticastDelegateUtilities.SafeInvoke: InternalTestLoggerEvents.SendTestRunMessage: Invoking callback 1/1 for Microsoft.VisualStudio.TestPlatform.CommandLine.Internal.ConsoleLogger., took 0 ms.
TpTrace Information: 0 : 1444, 7, 2023/08/08, 18:12:47.945, 351527370448, vstest.console.dll, TestRunRequest:SendTestRunMessage: Completed.
TpTrace Verbose: 0 : 1444, 7, 2023/08/08, 18:12:47.945, 351527372622, vstest.console.dll, ProxyExecutionManager: Test host is always Lazy initialize.
TpTrace Verbose: 0 : 1444, 7, 2023/08/08, 18:12:47.945, 351527375042, vstest.console.dll, TestRequestSender.InitializeCommunication: initialize communication. 
TpTrace Information: 0 : 1444, 7, 2023/08/08, 18:12:47.946, 351527380575, vstest.console.dll, SocketServer.Start: Listening on endpoint : 127.0.0.1:8517
TpTrace Verbose: 0 : 1444, 7, 2023/08/08, 18:12:47.947, 351527388487, vstest.console.dll, DotnetTestHostmanager.GetTestHostProcessStartInfo: Platform environment 'X64' target architecture 'X64' framework '.NETCoreApp,Version=v6.0' OS 'Windows'
TpTrace Verbose: 0 : 1444, 7, 2023/08/08, 18:12:47.947, 351527390537, vstest.console.dll, DotnetTestHostmanager: Adding  --runtimeconfig "C:\Users\Admin\source\repos\SoftUniWeb-CourseProjectC#\GameCatalogue.Services.Tests\bin\Debug\net6.0\fine-code-coverage\build-output\GameCatalogue.Services.Tests.runtimeconfig.json" in args
TpTrace Verbose: 0 : 1444, 7, 2023/08/08, 18:12:47.947, 351527391450, vstest.console.dll, DotnetTestHostmanager: Adding  --depsfile "C:\Users\Admin\source\repos\SoftUniWeb-CourseProjectC#\GameCatalogue.Services.Tests\bin\Debug\net6.0\fine-code-coverage\build-output\GameCatalogue.Services.Tests.deps.json" in args
TpTrace Verbose: 0 : 1444, 7, 2023/08/08, 18:12:47.947, 351527393114, vstest.console.dll, DotnetTestHostmanager.IsWinOnArm: Current PROCESSOR_ARCHITECTURE from environment variable 'AMD64'
TpTrace Verbose: 0 : 1444, 7, 2023/08/08, 18:12:47.947, 351527393654, vstest.console.dll, DotnetTestHostmanager.IsWinOnArm: Is Windows on ARM 'False'
TpTrace Verbose: 0 : 1444, 7, 2023/08/08, 18:12:47.947, 351527394453, vstest.console.dll, DotnetTestHostManager: testhost.exe found at path: C:\Users\Admin\source\repos\SoftUniWeb-CourseProjectC#\GameCatalogue.Services.Tests\bin\Debug\net6.0\fine-code-coverage\build-output\testhost.exe
TpTrace Verbose: 0 : 1444, 7, 2023/08/08, 18:12:47.947, 351527394862, vstest.console.dll, DotnetTestHostmanager: Full path of host exe is C:\Users\Admin\source\repos\SoftUniWeb-CourseProjectC#\GameCatalogue.Services.Tests\bin\Debug\net6.0\fine-code-coverage\build-output\testhost.exe
TpTrace Verbose: 0 : 1444, 7, 2023/08/08, 18:12:47.947, 351527397354, vstest.console.dll, DotnetTestHostmanager.LaunchTestHostAsync: Found 'VSTEST_WINAPPHOST_DOTNET_ROOT' in env variables, value 'C:\Program Files\dotnet', forwarding to 'DOTNET_ROOT'
TpTrace Verbose: 0 : 1444, 7, 2023/08/08, 18:12:47.948, 351527399610, vstest.console.dll, DotnetTestHostManager: Starting process 'C:\Users\Admin\source\repos\SoftUniWeb-CourseProjectC#\GameCatalogue.Services.Tests\bin\Debug\net6.0\fine-code-coverage\build-output\testhost.exe' with command line ' --runtimeconfig "C:\Users\Admin\source\repos\SoftUniWeb-CourseProjectC#\GameCatalogue.Services.Tests\bin\Debug\net6.0\fine-code-coverage\build-output\GameCatalogue.Services.Tests.runtimeconfig.json" --depsfile "C:\Users\Admin\source\repos\SoftUniWeb-CourseProjectC#\GameCatalogue.Services.Tests\bin\Debug\net6.0\fine-code-coverage\build-output\GameCatalogue.Services.Tests.deps.json" --port 8517 --endpoint 127.0.0.1:08517 --role client --parentprocessid 1444 --diag "C:\Users\Admin\source\repos\SoftUniWeb-CourseProjectC#\GameCatalogue.Services.Tests\bin\Debug\net6.0\fine-code-coverage\coverage-tool-output\diagnostics.host.23-08-08_18-12-47_94660_7.log" --tracelevel 4 --datacollectionport 8516 --telemetryoptedin false'
TpTrace Verbose: 0 : 1444, 7, 2023/08/08, 18:12:47.954, 351527458871, vstest.console.dll, MulticastDelegateUtilities.SafeInvoke: HostProviderEvents.OnHostLaunched: Invoking callback 1/2 for Microsoft.VisualStudio.TestPlatform.CrossPlatEngine.Client.ProxyExecutionManagerWithDataCollection., took 1 ms.
TpTrace Verbose: 0 : 1444, 7, 2023/08/08, 18:12:47.954, 351527462149, vstest.console.dll, Test Runtime launched
TpTrace Verbose: 0 : 1444, 7, 2023/08/08, 18:12:47.954, 351527462772, vstest.console.dll, MulticastDelegateUtilities.SafeInvoke: HostProviderEvents.OnHostLaunched: Invoking callback 2/2 for Microsoft.VisualStudio.TestPlatform.CrossPlatEngine.Client.ProxyOperationManager., took 0 ms.
TpTrace Verbose: 0 : 1444, 7, 2023/08/08, 18:12:47.954, 351527464150, vstest.console.dll, TestRequestSender.WaitForRequestHandlerConnection: waiting for connection with timeout: 90000.
TpTrace Verbose: 0 : 1444, 7, 2023/08/08, 18:12:48.162, 351529546713, vstest.console.dll, TestRequestSender.WaitForRequestHandlerConnection: waiting took 208 ms, with timeout 90000 ms, and result 0, which is success.
TpTrace Verbose: 0 : 1444, 11, 2023/08/08, 18:12:48.162, 351529546713, vstest.console.dll, MulticastDelegateUtilities.SafeInvoke: SocketServer: ClientConnected: Invoking callback 1/1 for Microsoft.VisualStudio.TestPlatform.CommunicationUtilities.TestRequestSender., took 0 ms.
TpTrace Verbose: 0 : 1444, 11, 2023/08/08, 18:12:48.163, 351529553743, vstest.console.dll, SocketServer.OnClientConnected: Client connected for endPoint: 127.0.0.1:8517, starting MessageLoopAsync:
TpTrace Verbose: 0 : 1444, 11, 2023/08/08, 18:12:48.163, 351529555709, vstest.console.dll, TcpClientExtensions.MessageLoopAsync: Polling on remoteEndPoint: 127.0.0.1:8518 localEndPoint: 127.0.0.1:8517
TpTrace Verbose: 0 : 1444, 7, 2023/08/08, 18:12:48.163, 351529556822, vstest.console.dll, TestRequestSender.CheckVersionWithTestHost: Sending check version message: {"MessageType":"ProtocolVersion","Payload":7}
TpTrace Verbose: 0 : 1444, 11, 2023/08/08, 18:12:48.359, 351531514630, vstest.console.dll, TcpClientExtensions.MessageLoopAsync: NotifyDataAvailable remoteEndPoint: 127.0.0.1:8518 localEndPoint: 127.0.0.1:8517
TpTrace Verbose: 0 : 1444, 11, 2023/08/08, 18:12:48.359, 351531517217, vstest.console.dll, TestRequestSender.CheckVersionWithTestHost: onMessageReceived received message: (ProtocolVersion) -> {"MessageType":"ProtocolVersion","Payload":7}
TpTrace Verbose: 0 : 1444, 11, 2023/08/08, 18:12:48.360, 351531524466, vstest.console.dll, MulticastDelegateUtilities.SafeInvoke: LengthPrefixCommunicationChannel: MessageReceived: Invoking callback 1/1 for Microsoft.VisualStudio.TestPlatform.CommunicationUtilities.TestRequestSender+<>c__DisplayClass29_0., took 0 ms.
TpTrace Verbose: 0 : 1444, 11, 2023/08/08, 18:12:48.360, 351531525599, vstest.console.dll, TcpClientExtensions.MessageLoopAsync: Polling on remoteEndPoint: 127.0.0.1:8518 localEndPoint: 127.0.0.1:8517
TpTrace Verbose: 0 : 1444, 7, 2023/08/08, 18:12:48.360, 351531525621, vstest.console.dll, TestPluginCache.GetExtensionPaths: Filtered extension paths: 
TpTrace Verbose: 0 : 1444, 7, 2023/08/08, 18:12:48.360, 351531526584, vstest.console.dll, TestPluginCache.GetExtensionPaths: Added default extension paths: C:\Program Files\dotnet\sdk\7.0.202\Extensions\Microsoft.Diagnostics.NETCore.Client.dll
C:\Program Files\dotnet\sdk\7.0.202\Extensions\Microsoft.TestPlatform.Extensions.BlameDataCollector.dll
C:\Program Files\dotnet\sdk\7.0.202\Extensions\Microsoft.TestPlatform.Extensions.EventLogCollector.dll
C:\Program Files\dotnet\sdk\7.0.202\Extensions\Microsoft.TestPlatform.TestHostRuntimeProvider.dll
C:\Program Files\dotnet\sdk\7.0.202\Extensions\Microsoft.VisualStudio.TestPlatform.Extensions.Html.TestLogger.dll
C:\Program Files\dotnet\sdk\7.0.202\Extensions\Microsoft.VisualStudio.TestPlatform.Extensions.Trx.TestLogger.dll
TpTrace Verbose: 0 : 1444, 7, 2023/08/08, 18:12:48.360, 351531526964, vstest.console.dll, TestPluginCache.GetExtensionPaths: Added unfilterableExtensionPaths: 
TpTrace Verbose: 0 : 1444, 7, 2023/08/08, 18:12:48.365, 351531568757, vstest.console.dll, TestRequestSender.InitializeExecution: Sending initialize execution with message: {"Version":7,"MessageType":"TestExecution.Initialize","Payload":["C:\\Users\\Admin\\source\\repos\\SoftUniWeb-CourseProjectC#\\GameCatalogue.Services.Tests\\bin\\Debug\\net6.0\\fine-code-coverage\\build-output\\NUnit3.TestAdapter.dll"]}
TpTrace Warning: 0 : 1444, 7, 2023/08/08, 18:12:48.365, 351531574253, vstest.console.dll, InferRunSettingsHelper.MakeRunsettingsCompatible: Removing the following settings: TargetPlatform from RunSettings file. To use those settings please move to latest version of Microsoft.NET.Test.Sdk
TpTrace Verbose: 0 : 1444, 11, 2023/08/08, 18:12:48.370, 351531624642, vstest.console.dll, TcpClientExtensions.MessageLoopAsync: NotifyDataAvailable remoteEndPoint: 127.0.0.1:8518 localEndPoint: 127.0.0.1:8517
TpTrace Verbose: 0 : 1444, 11, 2023/08/08, 18:12:48.371, 351531629042, vstest.console.dll, TestRequestSender.OnExecutionMessageReceived: Received message: {"Version":7,"MessageType":"TestSession.Message","Payload":{"MessageLevel":0,"Message":"Logging TestHost Diagnostics in file: C:\\Users\\Admin\\source\\repos\\SoftUniWeb-CourseProjectC#\\GameCatalogue.Services.Tests\\bin\\Debug\\net6.0\\fine-code-coverage\\coverage-tool-output\\diagnostics.host.23-08-08_18-12-47_94660_7.log"}}
TpTrace Verbose: 0 : 1444, 11, 2023/08/08, 18:12:48.373, 351531655573, vstest.console.dll, TestRunRequest:SendTestRunMessage: Starting.
TpTrace Verbose: 0 : 1444, 11, 2023/08/08, 18:12:48.374, 351531659171, vstest.console.dll, MulticastDelegateUtilities.SafeInvoke: TestRun.LogMessages: Invoking callback 1/1 for Microsoft.VisualStudio.TestPlatform.CommandLine.TestRunResultAggregator., took 0 ms.
TpTrace Information: 0 : 1444, 11, 2023/08/08, 18:12:48.374, 351531659833, vstest.console.dll, TestRunRequest:SendTestRunMessage: Completed.
TpTrace Verbose: 0 : 1444, 4, 2023/08/08, 18:12:48.374, 351531659636, vstest.console.dll, MulticastDelegateUtilities.SafeInvoke: InternalTestLoggerEvents.SendTestRunMessage: Invoking callback 1/1 for Microsoft.VisualStudio.TestPlatform.CommandLine.Internal.ConsoleLogger., took 0 ms.
TpTrace Verbose: 0 : 1444, 11, 2023/08/08, 18:12:48.374, 351531660976, vstest.console.dll, MulticastDelegateUtilities.SafeInvoke: LengthPrefixCommunicationChannel: MessageReceived: Invoking callback 1/1 for Microsoft.VisualStudio.TestPlatform.CommunicationUtilities.TestRequestSender+<>c__DisplayClass34_0., took 3 ms.
TpTrace Verbose: 0 : 1444, 11, 2023/08/08, 18:12:48.374, 351531661844, vstest.console.dll, TcpClientExtensions.MessageLoopAsync: Polling on remoteEndPoint: 127.0.0.1:8518 localEndPoint: 127.0.0.1:8517
TpTrace Verbose: 0 : 1444, 7, 2023/08/08, 18:12:48.375, 351531671369, vstest.console.dll, TestRequestSender.StartTestRun: Sending test run with message: {"Version":7,"MessageType":"TestExecution.StartWithSources","Payload":{"AdapterSourceMap":{"_none_":["C:\\Users\\Admin\\source\\repos\\SoftUniWeb-CourseProjectC#\\GameCatalogue.Services.Tests\\bin\\Debug\\net6.0\\fine-code-coverage\\build-output\\GameCatalogue.Services.Tests.dll"]},"RunSettings":"<RunSettings>\r\n  <RunConfiguration>\r\n    <ResultsDirectory>C:\\Users\\Admin\\source\\repos\\SoftUniWeb-CourseProjectC#\\GameCatalogue.Services.Tests\\bin\\Debug\\net6.0\\fine-code-coverage\\coverage-tool-output</ResultsDirectory>\r\n    <TargetFrameworkVersion>.NETCoreApp,Version=v6.0</TargetFrameworkVersion>\r\n    <DesignMode>False</DesignMode>\r\n    <CollectSourceInformation>False</CollectSourceInformation>\r\n  </RunConfiguration>\r\n  <LoggerRunSettings>\r\n    <Loggers>\r\n      <Logger friendlyName=\"blame\" enabled=\"True\" />\r\n      <Logger friendlyName=\"Console\" uri=\"logger://microsoft/TestPlatform/ConsoleLogger/v1\" assemblyQualifiedName=\"Microsoft.VisualStudio.TestPlatform.CommandLine.Internal.ConsoleLogger, vstest.console, Version=15.0.0.0, Culture=neutral, PublicKeyToken=b03f5f7f11d50a3a\" codeBase=\"C:\\Program Files\\dotnet\\sdk\\7.0.202\\vstest.console.dll\" enabled=\"True\" />\r\n    </Loggers>\r\n  </LoggerRunSettings>\r\n  <DataCollectionRunSettings>\r\n    <DataCollectors>\r\n      <DataCollector friendlyName=\"blame\" enabled=\"True\">\r\n        <Configuration>\r\n          <ResultsDirectory>C:\\Users\\Admin\\source\\repos\\SoftUniWeb-CourseProjectC#\\GameCatalogue.Services.Tests\\bin\\Debug\\net6.0\\fine-code-coverage\\coverage-tool-output</ResultsDirectory>\r\n        </Configuration>\r\n      </DataCollector>\r\n    </DataCollectors>\r\n  </DataCollectionRunSettings>\r\n</RunSettings>","TestExecutionContext":{"FrequencyOfRunStatsChangeEvent":10,"RunStatsChangeEventTimeout":"00:00:01.5000000","InIsolation":false,"KeepAlive":false,"AreTestCaseLevelEventsRequired":false,"IsDebug":false,"TestCaseFilter":null,"FilterOptions":null},"Package":null}}
TpTrace Verbose: 0 : 1444, 11, 2023/08/08, 18:12:48.609, 351534011475, vstest.console.dll, TcpClientExtensions.MessageLoopAsync: NotifyDataAvailable remoteEndPoint: 127.0.0.1:8518 localEndPoint: 127.0.0.1:8517
TpTrace Verbose: 0 : 1444, 11, 2023/08/08, 18:12:48.609, 351534013028, vstest.console.dll, TestRequestSender.OnExecutionMessageReceived: Received message: {"Version":7,"MessageType":"TestSession.Message","Payload":{"MessageLevel":0,"Message":"NUnit Adapter 4.3.0.0: Test execution started"}}
TpTrace Verbose: 0 : 1444, 11, 2023/08/08, 18:12:48.609, 351534016161, vstest.console.dll, TestRunRequest:SendTestRunMessage: Starting.
TpTrace Verbose: 0 : 1444, 11, 2023/08/08, 18:12:48.609, 351534016862, vstest.console.dll, MulticastDelegateUtilities.SafeInvoke: TestRun.LogMessages: Invoking callback 1/1 for Microsoft.VisualStudio.TestPlatform.CommandLine.TestRunResultAggregator., took 0 ms.
TpTrace Verbose: 0 : 1444, 4, 2023/08/08, 18:12:48.609, 351534017058, vstest.console.dll, MulticastDelegateUtilities.SafeInvoke: InternalTestLoggerEvents.SendTestRunMessage: Invoking callback 1/1 for Microsoft.VisualStudio.TestPlatform.CommandLine.Internal.ConsoleLogger., took 0 ms.
TpTrace Information: 0 : 1444, 11, 2023/08/08, 18:12:48.609, 351534017165, vstest.console.dll, TestRunRequest:SendTestRunMessage: Completed.
TpTrace Verbose: 0 : 1444, 11, 2023/08/08, 18:12:48.609, 351534018314, vstest.console.dll, MulticastDelegateUtilities.SafeInvoke: LengthPrefixCommunicationChannel: MessageReceived: Invoking callback 1/1 for Microsoft.VisualStudio.TestPlatform.CommunicationUtilities.TestRequestSender+<>c__DisplayClass34_0., took 0 ms.
TpTrace Verbose: 0 : 1444, 11, 2023/08/08, 18:12:48.610, 351534018690, vstest.console.dll, TcpClientExtensions.MessageLoopAsync: Polling on remoteEndPoint: 127.0.0.1:8518 localEndPoint: 127.0.0.1:8517
TpTrace Verbose: 0 : 1444, 11, 2023/08/08, 18:12:48.675, 351534672023, vstest.console.dll, TcpClientExtensions.MessageLoopAsync: NotifyDataAvailable remoteEndPoint: 127.0.0.1:8518 localEndPoint: 127.0.0.1:8517
TpTrace Verbose: 0 : 1444, 11, 2023/08/08, 18:12:48.675, 351534673604, vstest.console.dll, TestRequestSender.OnExecutionMessageReceived: Received message: {"Version":7,"MessageType":"TestSession.Message","Payload":{"MessageLevel":0,"Message":"Running all tests in C:\\Users\\Admin\\source\\repos\\SoftUniWeb-CourseProjectC#\\GameCatalogue.Services.Tests\\bin\\Debug\\net6.0\\fine-code-coverage\\build-output\\GameCatalogue.Services.Tests.dll"}}
TpTrace Verbose: 0 : 1444, 11, 2023/08/08, 18:12:48.675, 351534674952, vstest.console.dll, TestRunRequest:SendTestRunMessage: Starting.
TpTrace Verbose: 0 : 1444, 11, 2023/08/08, 18:12:48.675, 351534675771, vstest.console.dll, MulticastDelegateUtilities.SafeInvoke: TestRun.LogMessages: Invoking callback 1/1 for Microsoft.VisualStudio.TestPlatform.CommandLine.TestRunResultAggregator., took 0 ms.
TpTrace Information: 0 : 1444, 11, 2023/08/08, 18:12:48.675, 351534676281, vstest.console.dll, TestRunRequest:SendTestRunMessage: Completed.
TpTrace Verbose: 0 : 1444, 11, 2023/08/08, 18:12:48.675, 351534676582, vstest.console.dll, MulticastDelegateUtilities.SafeInvoke: LengthPrefixCommunicationChannel: MessageReceived: Invoking callback 1/1 for Microsoft.VisualStudio.TestPlatform.CommunicationUtilities.TestRequestSender+<>c__DisplayClass34_0., took 0 ms.
TpTrace Verbose: 0 : 1444, 11, 2023/08/08, 18:12:48.675, 351534676870, vstest.console.dll, TcpClientExtensions.MessageLoopAsync: Polling on remoteEndPoint: 127.0.0.1:8518 localEndPoint: 127.0.0.1:8517
TpTrace Verbose: 0 : 1444, 4, 2023/08/08, 18:12:48.676, 351534679325, vstest.console.dll, MulticastDelegateUtilities.SafeInvoke: InternalTestLoggerEvents.SendTestRunMessage: Invoking callback 1/1 for Microsoft.VisualStudio.TestPlatform.CommandLine.Internal.ConsoleLogger., took 0 ms.
TpTrace Verbose: 0 : 1444, 11, 2023/08/08, 18:12:49.060, 351538523189, vstest.console.dll, TcpClientExtensions.MessageLoopAsync: NotifyDataAvailable remoteEndPoint: 127.0.0.1:8518 localEndPoint: 127.0.0.1:8517
TpTrace Verbose: 0 : 1444, 11, 2023/08/08, 18:12:49.060, 351538524626, vstest.console.dll, TestRequestSender.OnExecutionMessageReceived: Received message: {"Version":7,"MessageType":"TestSession.Message","Payload":{"MessageLevel":0,"Message":"   NUnit3TestExecutor discovered 26 of 26 NUnit test cases using Current Discovery mode, Non-Explicit run"}}
TpTrace Verbose: 0 : 1444, 11, 2023/08/08, 18:12:49.060, 351538525924, vstest.console.dll, TestRunRequest:SendTestRunMessage: Starting.
TpTrace Verbose: 0 : 1444, 11, 2023/08/08, 18:12:49.060, 351538526471, vstest.console.dll, MulticastDelegateUtilities.SafeInvoke: TestRun.LogMessages: Invoking callback 1/1 for Microsoft.VisualStudio.TestPlatform.CommandLine.TestRunResultAggregator., took 0 ms.
TpTrace Verbose: 0 : 1444, 4, 2023/08/08, 18:12:49.060, 351538526694, vstest.console.dll, MulticastDelegateUtilities.SafeInvoke: InternalTestLoggerEvents.SendTestRunMessage: Invoking callback 1/1 for Microsoft.VisualStudio.TestPlatform.CommandLine.Internal.ConsoleLogger., took 0 ms.
TpTrace Information: 0 : 1444, 11, 2023/08/08, 18:12:49.060, 351538526745, vstest.console.dll, TestRunRequest:SendTestRunMessage: Completed.
TpTrace Verbose: 0 : 1444, 11, 2023/08/08, 18:12:49.060, 351538527693, vstest.console.dll, MulticastDelegateUtilities.SafeInvoke: LengthPrefixCommunicationChannel: MessageReceived: Invoking callback 1/1 for Microsoft.VisualStudio.TestPlatform.CommunicationUtilities.TestRequestSender+<>c__DisplayClass34_0., took 0 ms.
TpTrace Verbose: 0 : 1444, 11, 2023/08/08, 18:12:49.060, 351538528070, vstest.console.dll, TcpClientExtensions.MessageLoopAsync: Polling on remoteEndPoint: 127.0.0.1:8518 localEndPoint: 127.0.0.1:8517
TpTrace Verbose: 0 : 1444, 11, 2023/08/08, 18:12:50.051, 351548432452, vstest.console.dll, TcpClientExtensions.MessageLoopAsync: NotifyDataAvailable remoteEndPoint: 127.0.0.1:8518 localEndPoint: 127.0.0.1:8517
TpTrace Verbose: 0 : 1444, 11, 2023/08/08, 18:12:50.051, 351548434050, vstest.console.dll, TestRequestSender.OnExecutionMessageReceived: Received message: {"Version":7,"MessageType":"TestExecution.StatsChange","Payload":{"NewTestResults":[],"TestRunStatistics":{"ExecutedTests":0,"Stats":{}},"ActiveTests":[{"Id":"dd8b5a5f-3a45-12c9-d4b6-4f955a70be6a","FullyQualifiedName":"GameCatalogue.Services.Tests.DeveloperServiceTests.CreateShouldAddDeveloperToTheDatabaseWithInformationInside","DisplayName":"CreateShouldAddDeveloperToTheDatabaseWithInformationInside","ExecutorUri":"executor://NUnit3TestExecutor","Source":"C:\\Users\\Admin\\source\\repos\\SoftUniWeb-CourseProjectC#\\GameCatalogue.Services.Tests\\bin\\Debug\\net6.0\\fine-code-coverage\\build-output\\GameCatalogue.Services.Tests.dll","CodeFilePath":null,"LineNumber":0,"Properties":[{"Key":{"Id":"NUnit.Seed","Label":"Seed","Category":"","Description":"","Attributes":0,"ValueType":"System.String"},"Value":"1217849139"}]}]}}
TpTrace Verbose: 0 : 1444, 11, 2023/08/08, 18:12:50.067, 351548596803, vstest.console.dll, TestRunRequest:SendTestRunStatsChange: Starting.
TpTrace Verbose: 0 : 1444, 11, 2023/08/08, 18:12:50.068, 351548598771, vstest.console.dll, InProgress is CreateShouldAddDeveloperToTheDatabaseWithInformationInside
TpTrace Verbose: 0 : 1444, 11, 2023/08/08, 18:12:50.068, 351548599863, vstest.console.dll, MulticastDelegateUtilities.SafeInvoke: TestRun.RunStatsChanged: Invoking callbacks was skipped because there are no subscribers.
TpTrace Information: 0 : 1444, 11, 2023/08/08, 18:12:50.068, 351548600160, vstest.console.dll, TestRunRequest:SendTestRunStatsChange: Completed.
TpTrace Verbose: 0 : 1444, 11, 2023/08/08, 18:12:50.068, 351548600398, vstest.console.dll, MulticastDelegateUtilities.SafeInvoke: LengthPrefixCommunicationChannel: MessageReceived: Invoking callback 1/1 for Microsoft.VisualStudio.TestPlatform.CommunicationUtilities.TestRequestSender+<>c__DisplayClass34_0., took 16 ms.
TpTrace Verbose: 0 : 1444, 11, 2023/08/08, 18:12:50.068, 351548600641, vstest.console.dll, TcpClientExtensions.MessageLoopAsync: Polling on remoteEndPoint: 127.0.0.1:8518 localEndPoint: 127.0.0.1:8517
TpTrace Verbose: 0 : 1444, 11, 2023/08/08, 18:12:50.290, 351550821529, vstest.console.dll, TcpClientExtensions.MessageLoopAsync: NotifyDataAvailable remoteEndPoint: 127.0.0.1:8518 localEndPoint: 127.0.0.1:8517
TpTrace Verbose: 0 : 1444, 11, 2023/08/08, 18:12:50.290, 351550823512, vstest.console.dll, TestRequestSender.OnExecutionMessageReceived: Received message: {"Version":7,"MessageType":"TestExecution.StatsChange","Payload":{"NewTestResults":[{"TestCase":{"Id":"dd8b5a5f-3a45-12c9-d4b6-4f955a70be6a","FullyQualifiedName":"GameCatalogue.Services.Tests.DeveloperServiceTests.CreateShouldAddDeveloperToTheDatabaseWithInformationInside","DisplayName":"CreateShouldAddDeveloperToTheDatabaseWithInformationInside","ExecutorUri":"executor://NUnit3TestExecutor","Source":"C:\\Users\\Admin\\source\\repos\\SoftUniWeb-CourseProjectC#\\GameCatalogue.Services.Tests\\bin\\Debug\\net6.0\\fine-code-coverage\\build-output\\GameCatalogue.Services.Tests.dll","CodeFilePath":null,"LineNumber":0,"Properties":[{"Key":{"Id":"NUnit.Seed","Label":"Seed","Category":"","Description":"","Attributes":0,"ValueType":"System.String"},"Value":"1217849139"}]},"Attachments":[],"Outcome":1,"ErrorMessage":null,"ErrorStackTrace":null,"DisplayName":"CreateShouldAddDeveloperToTheDatabaseWithInformationInside","Messages":[],"ComputerName":"WORKSTATION","Duration":"00:00:00.2072360","StartTime":"2023-08-08T15:12:50.0172692+00:00","EndTime":"2023-08-08T15:12:50.2244129+00:00","Properties":[{"Key":{"Id":"NUnit.Seed","Label":"Seed","Category":"","Description":"","Attributes":0,"ValueType":"System.String"},"Value":"1217849139"}]},{"TestCase":{"Id":"09abf13c-d9e0-7a41-140c-bed9f45da8f2","FullyQualifiedName":"GameCatalogue.Services.Tests.DeveloperServiceTests.DeveloperExistsByEmailShouldReturnFalseWhenTheDeveloperDoesntExist","DisplayName":"DeveloperExistsByEmailShouldReturnFalseWhenTheDeveloperDoesntExist","ExecutorUri":"executor://NUnit3TestExecutor","Source":"C:\\Users\\Admin\\source\\repos\\SoftUniWeb-CourseProjectC#\\GameCatalogue.Services.Tests\\bin\\Debug\\net6.0\\fine-code-coverage\\build-output\\GameCatalogue.Services.Tests.dll","CodeFilePath":null,"LineNumber":0,"Properties":[{"Key":{"Id":"NUnit.Seed","Label":"Seed","Category":"","Description":"","Attributes":0,"ValueType":"System.String"},"Value":"675107020"}]},"Attachments":[],"Outcome":1,"ErrorMessage":null,"ErrorStackTrace":null,"DisplayName":"DeveloperExistsByEmailShouldReturnFalseWhenTheDeveloperDoesntExist","Messages":[],"ComputerName":"WORKSTATION","Duration":"00:00:00.0079520","StartTime":"2023-08-08T15:12:50.2262477+00:00","EndTime":"2023-08-08T15:12:50.2341998+00:00","Properties":[{"Key":{"Id":"NUnit.Seed","Label":"Seed","Category":"","Description":"","Attributes":0,"ValueType":"System.String"},"Value":"675107020"}]},{"TestCase":{"Id":"df813d02-f241-d171-9fc2-98621ea09922","FullyQualifiedName":"GameCatalogue.Services.Tests.DeveloperServiceTests.DeveloperExistsByEmailShouldReturnTrueWhenTheDeveloperExists","DisplayName":"DeveloperExistsByEmailShouldReturnTrueWhenTheDeveloperExists","ExecutorUri":"executor://NUnit3TestExecutor","Source":"C:\\Users\\Admin\\source\\repos\\SoftUniWeb-CourseProjectC#\\GameCatalogue.Services.Tests\\bin\\Debug\\net6.0\\fine-code-coverage\\build-output\\GameCatalogue.Services.Tests.dll","CodeFilePath":null,"LineNumber":0,"Properties":[{"Key":{"Id":"NUnit.Seed","Label":"Seed","Category":"","Description":"","Attributes":0,"ValueType":"System.String"},"Value":"36534612"}]},"Attachments":[],"Outcome":1,"ErrorMessage":null,"ErrorStackTrace":null,"DisplayName":"DeveloperExistsByEmailShouldReturnTrueWhenTheDeveloperExists","Messages":[],"ComputerName":"WORKSTATION","Duration":"00:00:00.0039439","StartTime":"2023-08-08T15:12:50.2342283+00:00","EndTime":"2023-08-08T15:12:50.2381721+00:00","Properties":[{"Key":{"Id":"NUnit.Seed","Label":"Seed","Category":"","Description":"","Attributes":0,"ValueType":"System.String"},"Value":"36534612"}]},{"TestCase":{"Id":"7c8a08d4-10bb-5841-a377-886051fb06a2","FullyQualifiedName":"GameCatalogue.Services.Tests.DeveloperServiceTests.DeveloperExistsByUserIdShouldReturnFalseWhenTheDeveloperDoesntExist","DisplayName":"DeveloperExistsByUserIdShouldReturnFalseWhenTheDeveloperDoesntExist","ExecutorUri":"executor://NUnit3TestExecutor","Source":"C:\\Users\\Admin\\source\\repos\\SoftUniWeb-CourseProjectC#\\GameCatalogue.Services.Tests\\bin\\Debug\\net6.0\\fine-code-coverage\\build-output\\GameCatalogue.Services.Tests.dll","CodeFilePath":null,"LineNumber":0,"Properties":[{"Key":{"Id":"NUnit.Seed","Label":"Seed","Category":"","Description":"","Attributes":0,"ValueType":"System.String"},"Value":"1772526154"}]},"Attachments":[],"Outcome":1,"ErrorMessage":null,"ErrorStackTrace":null,"DisplayName":"DeveloperExistsByUserIdShouldReturnFalseWhenTheDeveloperDoesntExist","Messages":[],"ComputerName":"WORKSTATION","Duration":"00:00:00.0024090","StartTime":"2023-08-08T15:12:50.2381914+00:00","EndTime":"2023-08-08T15:12:50.2405995+00:00","Properties":[{"Key":{"Id":"NUnit.Seed","Label":"Seed","Category":"","Description":"","Attributes":0,"ValueType":"System.String"},"Value":"1772526154"}]},{"TestCase":{"Id":"b7e35189-5905-a73c-3efb-a285a2f0d057","FullyQualifiedName":"GameCatalogue.Services.Tests.DeveloperServiceTests.DeveloperExistsByUserIdShouldReturnTrueWhenTheDeveloperExists","DisplayName":"DeveloperExistsByUserIdShouldReturnTrueWhenTheDeveloperExists","ExecutorUri":"executor://NUnit3TestExecutor","Source":"C:\\Users\\Admin\\source\\repos\\SoftUniWeb-CourseProjectC#\\GameCatalogue.Services.Tests\\bin\\Debug\\net6.0\\fine-code-coverage\\build-output\\GameCatalogue.Services.Tests.dll","CodeFilePath":null,"LineNumber":0,"Properties":[{"Key":{"Id":"NUnit.Seed","Label":"Seed","Category":"","Description":"","Attributes":0,"ValueType":"System.String"},"Value":"1417495917"}]},"Attachments":[],"Outcome":1,"ErrorMessage":null,"ErrorStackTrace":null,"DisplayName":"DeveloperExistsByUserIdShouldReturnTrueWhenTheDeveloperExists","Messages":[],"ComputerName":"WORKSTATION","Duration":"00:00:00.0006579","StartTime":"2023-08-08T15:12:50.2406182+00:00","EndTime":"2023-08-08T15:12:50.2412762+00:00","Properties":[{"Key":{"Id":"NUnit.Seed","Label":"Seed","Category":"","Description":"","Attributes":0,"ValueType":"System.String"},"Value":"1417495917"}]},{"TestCase":{"Id":"ba9cbd86-97e3-7803-b00b-48b62fb7d822","FullyQualifiedName":"GameCatalogue.Services.Tests.DeveloperServiceTests.DeveloperIdByUserIdShouldReturnFalseWhenPresentedWithIncorrectId","DisplayName":"DeveloperIdByUserIdShouldReturnFalseWhenPresentedWithIncorrectId","ExecutorUri":"executor://NUnit3TestExecutor","Source":"C:\\Users\\Admin\\source\\repos\\SoftUniWeb-CourseProjectC#\\GameCatalogue.Services.Tests\\bin\\Debug\\net6.0\\fine-code-coverage\\build-output\\GameCatalogue.Services.Tests.dll","CodeFilePath":null,"LineNumber":0,"Properties":[{"Key":{"Id":"NUnit.Seed","Label":"Seed","Category":"","Description":"","Attributes":0,"ValueType":"System.String"},"Value":"531735598"}]},"Attachments":[],"Outcome":1,"ErrorMessage":null,"ErrorStackTrace":null,"DisplayName":"DeveloperIdByUserIdShouldReturnFalseWhenPresentedWithIncorrectId","Messages":[],"ComputerName":"WORKSTATION","Duration":"00:00:00.0008120","StartTime":"2023-08-08T15:12:50.2412875+00:00","EndTime":"2023-08-08T15:12:50.242099+00:00","Properties":[{"Key":{"Id":"NUnit.Seed","Label":"Seed","Category":"","Description":"","Attributes":0,"ValueType":"System.String"},"Value":"531735598"}]},{"TestCase":{"Id":"212fccf1-a71d-758e-a5ef-f2091a99b0be","FullyQualifiedName":"GameCatalogue.Services.Tests.DeveloperServiceTests.DeveloperIdByUserIdShouldReturnNullWhenPresentedWithNonExistentId","DisplayName":"DeveloperIdByUserIdShouldReturnNullWhenPresentedWithNonExistentId","ExecutorUri":"executor://NUnit3TestExecutor","Source":"C:\\Users\\Admin\\source\\repos\\SoftUniWeb-CourseProjectC#\\GameCatalogue.Services.Tests\\bin\\Debug\\net6.0\\fine-code-coverage\\build-output\\GameCatalogue.Services.Tests.dll","CodeFilePath":null,"LineNumber":0,"Properties":[{"Key":{"Id":"NUnit.Seed","Label":"Seed","Category":"","Description":"","Attributes":0,"ValueType":"System.String"},"Value":"733583103"}]},"Attachments":[],"Outcome":1,"ErrorMessage":null,"ErrorStackTrace":null,"DisplayName":"DeveloperIdByUserIdShouldReturnNullWhenPresentedWithNonExistentId","Messages":[],"ComputerName":"WORKSTATION","Duration":"00:00:00.0006890","StartTime":"2023-08-08T15:12:50.2421107+00:00","EndTime":"2023-08-08T15:12:50.2427993+00:00","Properties":[{"Key":{"Id":"NUnit.Seed","Label":"Seed","Category":"","Description":"","Attributes":0,"ValueType":"System.String"},"Value":"733583103"}]},{"TestCase":{"Id":"cc035ec2-4fb1-a652-1c4b-c5efa50caa80","FullyQualifiedName":"GameCatalogue.Services.Tests.DeveloperServiceTests.DeveloperIdByUserIdShouldReturnTrueWhenPresentedWithCorrectId","DisplayName":"DeveloperIdByUserIdShouldReturnTrueWhenPresentedWithCorrectId","ExecutorUri":"executor://NUnit3TestExecutor","Source":"C:\\Users\\Admin\\source\\repos\\SoftUniWeb-CourseProjectC#\\GameCatalogue.Services.Tests\\bin\\Debug\\net6.0\\fine-code-coverage\\build-output\\GameCatalogue.Services.Tests.dll","CodeFilePath":null,"LineNumber":0,"Properties":[{"Key":{"Id":"NUnit.Seed","Label":"Seed","Category":"","Description":"","Attributes":0,"ValueType":"System.String"},"Value":"1074633112"}]},"Attachments":[],"Outcome":1,"ErrorMessage":null,"ErrorStackTrace":null,"DisplayName":"DeveloperIdByUserIdShouldReturnTrueWhenPresentedWithCorrectId","Messages":[],"ComputerName":"WORKSTATION","Duration":"00:00:00.0006230","StartTime":"2023-08-08T15:12:50.2428105+00:00","EndTime":"2023-08-08T15:12:50.2434336+00:00","Properties":[{"Key":{"Id":"NUnit.Seed","Label":"Seed","Category":"","Description":"","Attributes":0,"ValueType":"System.String"},"Value":"1074633112"}]},{"TestCase":{"Id":"5c3aebed-4984-5c4f-9308-fe03eb09fa0e","FullyQualifiedName":"GameCatalogue.Services.Tests.DeveloperServiceTests.HasGameWithIdShouldReturnFalseIfTheDeveloperDoesntHaveAGameWithTheId","DisplayName":"HasGameWithIdShouldReturnFalseIfTheDeveloperDoesntHaveAGameWithTheId","ExecutorUri":"executor://NUnit3TestExecutor","Source":"C:\\Users\\Admin\\source\\repos\\SoftUniWeb-CourseProjectC#\\GameCatalogue.Services.Tests\\bin\\Debug\\net6.0\\fine-code-coverage\\build-output\\GameCatalogue.Services.Tests.dll","CodeFilePath":null,"LineNumber":0,"Properties":[{"Key":{"Id":"NUnit.Seed","Label":"Seed","Category":"","Description":"","Attributes":0,"ValueType":"System.String"},"Value":"388049060"}]},"Attachments":[],"Outcome":1,"ErrorMessage":null,"ErrorStackTrace":null,"DisplayName":"HasGameWithIdShouldReturnFalseIfTheDeveloperDoesntHaveAGameWithTheId","Messages":[],"ComputerName":"WORKSTATION","Duration":"00:00:00.0365330","StartTime":"2023-08-08T15:12:50.2434447+00:00","EndTime":"2023-08-08T15:12:50.2799779+00:00","Properties":[{"Key":{"Id":"NUnit.Seed","Label":"Seed","Category":"","Description":"","Attributes":0,"ValueType":"System.String"},"Value":"388049060"}]}],"TestRunStatistics":{"ExecutedTests":9,"Stats":{"Passed":9}},"ActiveTests":[{"Id":"f8d5e2ba-f31a-8f50-0a20-e43bf7ee7319","FullyQualifiedName":"GameCatalogue.Services.Tests.DeveloperServiceTests.HasGameWithIdShouldReturnNullIfTheDeveloperDoesntExist","DisplayName":"HasGameWithIdShouldReturnNullIfTheDeveloperDoesntExist","ExecutorUri":"executor://NUnit3TestExecutor","Source":"C:\\Users\\Admin\\source\\repos\\SoftUniWeb-CourseProjectC#\\GameCatalogue.Services.Tests\\bin\\Debug\\net6.0\\fine-code-coverage\\build-output\\GameCatalogue.Services.Tests.dll","CodeFilePath":null,"LineNumber":0,"Properties":[{"Key":{"Id":"NUnit.Seed","Label":"Seed","Category":"","Description":"","Attributes":0,"ValueType":"System.String"},"Value":"1098420625"}]}]}}
TpTrace Verbose: 0 : 1444, 11, 2023/08/08, 18:12:50.299, 351550912186, vstest.console.dll, TestRunRequest:SendTestRunStatsChange: Starting.
TpTrace Verbose: 0 : 1444, 11, 2023/08/08, 18:12:50.299, 351550913257, vstest.console.dll, InProgress is HasGameWithIdShouldReturnNullIfTheDeveloperDoesntExist
TpTrace Verbose: 0 : 1444, 11, 2023/08/08, 18:12:50.299, 351550915778, vstest.console.dll, MulticastDelegateUtilities.SafeInvoke: TestRun.RunStatsChanged: Invoking callbacks was skipped because there are no subscribers.
TpTrace Information: 0 : 1444, 11, 2023/08/08, 18:12:50.299, 351550916108, vstest.console.dll, TestRunRequest:SendTestRunStatsChange: Completed.
TpTrace Verbose: 0 : 1444, 11, 2023/08/08, 18:12:50.299, 351550916355, vstest.console.dll, MulticastDelegateUtilities.SafeInvoke: LengthPrefixCommunicationChannel: MessageReceived: Invoking callback 1/1 for Microsoft.VisualStudio.TestPlatform.CommunicationUtilities.TestRequestSender+<>c__DisplayClass34_0., took 9 ms.
TpTrace Verbose: 0 : 1444, 11, 2023/08/08, 18:12:50.299, 351550916603, vstest.console.dll, TcpClientExtensions.MessageLoopAsync: Polling on remoteEndPoint: 127.0.0.1:8518 localEndPoint: 127.0.0.1:8517
TpTrace Verbose: 0 : 1444, 4, 2023/08/08, 18:12:50.301, 351550938098, vstest.console.dll, MulticastDelegateUtilities.SafeInvoke: InternalTestLoggerEvents.SendTestResult: Invoking callback 1/1 for Microsoft.VisualStudio.TestPlatform.CommandLine.Internal.ConsoleLogger., took 2 ms.
TpTrace Verbose: 0 : 1444, 4, 2023/08/08, 18:12:50.302, 351550940851, vstest.console.dll, MulticastDelegateUtilities.SafeInvoke: InternalTestLoggerEvents.SendTestResult: Invoking callback 1/1 for Microsoft.VisualStudio.TestPlatform.CommandLine.Internal.ConsoleLogger., took 0 ms.
TpTrace Verbose: 0 : 1444, 4, 2023/08/08, 18:12:50.302, 351550941447, vstest.console.dll, MulticastDelegateUtilities.SafeInvoke: InternalTestLoggerEvents.SendTestResult: Invoking callback 1/1 for Microsoft.VisualStudio.TestPlatform.CommandLine.Internal.ConsoleLogger., took 0 ms.
TpTrace Verbose: 0 : 1444, 4, 2023/08/08, 18:12:50.302, 351550941868, vstest.console.dll, MulticastDelegateUtilities.SafeInvoke: InternalTestLoggerEvents.SendTestResult: Invoking callback 1/1 for Microsoft.VisualStudio.TestPlatform.CommandLine.Internal.ConsoleLogger., took 0 ms.
TpTrace Verbose: 0 : 1444, 4, 2023/08/08, 18:12:50.302, 351550942226, vstest.console.dll, MulticastDelegateUtilities.SafeInvoke: InternalTestLoggerEvents.SendTestResult: Invoking callback 1/1 for Microsoft.VisualStudio.TestPlatform.CommandLine.Internal.ConsoleLogger., took 0 ms.
TpTrace Verbose: 0 : 1444, 4, 2023/08/08, 18:12:50.302, 351550943142, vstest.console.dll, MulticastDelegateUtilities.SafeInvoke: InternalTestLoggerEvents.SendTestResult: Invoking callback 1/1 for Microsoft.VisualStudio.TestPlatform.CommandLine.Internal.ConsoleLogger., took 0 ms.
TpTrace Verbose: 0 : 1444, 4, 2023/08/08, 18:12:50.302, 351550943817, vstest.console.dll, MulticastDelegateUtilities.SafeInvoke: InternalTestLoggerEvents.SendTestResult: Invoking callback 1/1 for Microsoft.VisualStudio.TestPlatform.CommandLine.Internal.ConsoleLogger., took 0 ms.
TpTrace Verbose: 0 : 1444, 4, 2023/08/08, 18:12:50.302, 351550944190, vstest.console.dll, MulticastDelegateUtilities.SafeInvoke: InternalTestLoggerEvents.SendTestResult: Invoking callback 1/1 for Microsoft.VisualStudio.TestPlatform.CommandLine.Internal.ConsoleLogger., took 0 ms.
TpTrace Verbose: 0 : 1444, 4, 2023/08/08, 18:12:50.302, 351550944535, vstest.console.dll, MulticastDelegateUtilities.SafeInvoke: InternalTestLoggerEvents.SendTestResult: Invoking callback 1/1 for Microsoft.VisualStudio.TestPlatform.CommandLine.Internal.ConsoleLogger., took 0 ms.
TpTrace Verbose: 0 : 1444, 11, 2023/08/08, 18:12:50.473, 351552651980, vstest.console.dll, TcpClientExtensions.MessageLoopAsync: NotifyDataAvailable remoteEndPoint: 127.0.0.1:8518 localEndPoint: 127.0.0.1:8517
TpTrace Verbose: 0 : 1444, 11, 2023/08/08, 18:12:50.473, 351552654316, vstest.console.dll, TestRequestSender.OnExecutionMessageReceived: Received message: {"Version":7,"MessageType":"TestExecution.StatsChange","Payload":{"NewTestResults":[{"TestCase":{"Id":"f8d5e2ba-f31a-8f50-0a20-e43bf7ee7319","FullyQualifiedName":"GameCatalogue.Services.Tests.DeveloperServiceTests.HasGameWithIdShouldReturnNullIfTheDeveloperDoesntExist","DisplayName":"HasGameWithIdShouldReturnNullIfTheDeveloperDoesntExist","ExecutorUri":"executor://NUnit3TestExecutor","Source":"C:\\Users\\Admin\\source\\repos\\SoftUniWeb-CourseProjectC#\\GameCatalogue.Services.Tests\\bin\\Debug\\net6.0\\fine-code-coverage\\build-output\\GameCatalogue.Services.Tests.dll","CodeFilePath":null,"LineNumber":0,"Properties":[{"Key":{"Id":"NUnit.Seed","Label":"Seed","Category":"","Description":"","Attributes":0,"ValueType":"System.String"},"Value":"1098420625"}]},"Attachments":[],"Outcome":1,"ErrorMessage":null,"ErrorStackTrace":null,"DisplayName":"HasGameWithIdShouldReturnNullIfTheDeveloperDoesntExist","Messages":[],"ComputerName":"WORKSTATION","Duration":"00:00:00.0006770","StartTime":"2023-08-08T15:12:50.2800116+00:00","EndTime":"2023-08-08T15:12:50.2806887+00:00","Properties":[{"Key":{"Id":"NUnit.Seed","Label":"Seed","Category":"","Description":"","Attributes":0,"ValueType":"System.String"},"Value":"1098420625"}]},{"TestCase":{"Id":"1a5799cc-ff6c-0965-05a1-d522118ea68e","FullyQualifiedName":"GameCatalogue.Services.Tests.DeveloperServiceTests.HasGameWithIdShouldReturnTrueIfTheDeveloperHasAGameWithTheId","DisplayName":"HasGameWithIdShouldReturnTrueIfTheDeveloperHasAGameWithTheId","ExecutorUri":"executor://NUnit3TestExecutor","Source":"C:\\Users\\Admin\\source\\repos\\SoftUniWeb-CourseProjectC#\\GameCatalogue.Services.Tests\\bin\\Debug\\net6.0\\fine-code-coverage\\build-output\\GameCatalogue.Services.Tests.dll","CodeFilePath":null,"LineNumber":0,"Properties":[{"Key":{"Id":"NUnit.Seed","Label":"Seed","Category":"","Description":"","Attributes":0,"ValueType":"System.String"},"Value":"2091916356"}]},"Attachments":[],"Outcome":1,"ErrorMessage":null,"ErrorStackTrace":null,"DisplayName":"HasGameWithIdShouldReturnTrueIfTheDeveloperHasAGameWithTheId","Messages":[],"ComputerName":"WORKSTATION","Duration":"00:00:00.0007600","StartTime":"2023-08-08T15:12:50.2807025+00:00","EndTime":"2023-08-08T15:12:50.2814623+00:00","Properties":[{"Key":{"Id":"NUnit.Seed","Label":"Seed","Category":"","Description":"","Attributes":0,"ValueType":"System.String"},"Value":"2091916356"}]},{"TestCase":{"Id":"e03ddc0a-f29b-9a37-bee6-0a8d4e40e4a0","FullyQualifiedName":"GameCatalogue.Services.Tests.GameServiceTests.AllAsyncShouldReturnAllGamesAlphabeticalOrder","DisplayName":"AllAsyncShouldReturnAllGamesAlphabeticalOrder","ExecutorUri":"executor://NUnit3TestExecutor","Source":"C:\\Users\\Admin\\source\\repos\\SoftUniWeb-CourseProjectC#\\GameCatalogue.Services.Tests\\bin\\Debug\\net6.0\\fine-code-coverage\\build-output\\GameCatalogue.Services.Tests.dll","CodeFilePath":null,"LineNumber":0,"Properties":[{"Key":{"Id":"NUnit.Seed","Label":"Seed","Category":"","Description":"","Attributes":0,"ValueType":"System.String"},"Value":"862548895"}]},"Attachments":[],"Outcome":1,"ErrorMessage":null,"ErrorStackTrace":null,"DisplayName":"AllAsyncShouldReturnAllGamesAlphabeticalOrder","Messages":[],"ComputerName":"WORKSTATION","Duration":"00:00:00.0893270","StartTime":"2023-08-08T15:12:50.2845136+00:00","EndTime":"2023-08-08T15:12:50.3738403+00:00","Properties":[{"Key":{"Id":"NUnit.Seed","Label":"Seed","Category":"","Description":"","Attributes":0,"ValueType":"System.String"},"Value":"862548895"}]},{"TestCase":{"Id":"801fafe0-ec64-2080-80fe-493c5b530de4","FullyQualifiedName":"GameCatalogue.Services.Tests.GameServiceTests.AllAsyncShouldReturnAllGamesDefaultOrder","DisplayName":"AllAsyncShouldReturnAllGamesDefaultOrder","ExecutorUri":"executor://NUnit3TestExecutor","Source":"C:\\Users\\Admin\\source\\repos\\SoftUniWeb-CourseProjectC#\\GameCatalogue.Services.Tests\\bin\\Debug\\net6.0\\fine-code-coverage\\build-output\\GameCatalogue.Services.Tests.dll","CodeFilePath":null,"LineNumber":0,"Properties":[{"Key":{"Id":"NUnit.Seed","Label":"Seed","Category":"","Description":"","Attributes":0,"ValueType":"System.String"},"Value":"919290952"}]},"Attachments":[],"Outcome":1,"ErrorMessage":null,"ErrorStackTrace":null,"DisplayName":"AllAsyncShouldReturnAllGamesDefaultOrder","Messages":[],"ComputerName":"WORKSTATION","Duration":"00:00:00.0277610","StartTime":"2023-08-08T15:12:50.373863+00:00","EndTime":"2023-08-08T15:12:50.401624+00:00","Properties":[{"Key":{"Id":"NUnit.Seed","Label":"Seed","Category":"","Description":"","Attributes":0,"ValueType":"System.String"},"Value":"919290952"}]},{"TestCase":{"Id":"e8c48c3b-dd54-87c1-31d4-f8b7ebff8fd0","FullyQualifiedName":"GameCatalogue.Services.Tests.GameServiceTests.AllAsyncShouldReturnAllGamesOldestOrder","DisplayName":"AllAsyncShouldReturnAllGamesOldestOrder","ExecutorUri":"executor://NUnit3TestExecutor","Source":"C:\\Users\\Admin\\source\\repos\\SoftUniWeb-CourseProjectC#\\GameCatalogue.Services.Tests\\bin\\Debug\\net6.0\\fine-code-coverage\\build-output\\GameCatalogue.Services.Tests.dll","CodeFilePath":null,"LineNumber":0,"Properties":[{"Key":{"Id":"NUnit.Seed","Label":"Seed","Category":"","Description":"","Attributes":0,"ValueType":"System.String"},"Value":"939445018"}]},"Attachments":[],"Outcome":1,"ErrorMessage":null,"ErrorStackTrace":null,"DisplayName":"AllAsyncShouldReturnAllGamesOldestOrder","Messages":[],"ComputerName":"WORKSTATION","Duration":"00:00:00.0208350","StartTime":"2023-08-08T15:12:50.4016562+00:00","EndTime":"2023-08-08T15:12:50.4224908+00:00","Properties":[{"Key":{"Id":"NUnit.Seed","Label":"Seed","Category":"","Description":"","Attributes":0,"ValueType":"System.String"},"Value":"939445018"}]},{"TestCase":{"Id":"1cd7e1a8-57e9-0581-7d31-29261340fca8","FullyQualifiedName":"GameCatalogue.Services.Tests.GameServiceTests.AllAsyncShouldReturnAllGamesWithNewestOrder","DisplayName":"AllAsyncShouldReturnAllGamesWithNewestOrder","ExecutorUri":"executor://NUnit3TestExecutor","Source":"C:\\Users\\Admin\\source\\repos\\SoftUniWeb-CourseProjectC#\\GameCatalogue.Services.Tests\\bin\\Debug\\net6.0\\fine-code-coverage\\build-output\\GameCatalogue.Services.Tests.dll","CodeFilePath":null,"LineNumber":0,"Properties":[{"Key":{"Id":"NUnit.Seed","Label":"Seed","Category":"","Description":"","Attributes":0,"ValueType":"System.String"},"Value":"1373185636"}]},"Attachments":[],"Outcome":1,"ErrorMessage":null,"ErrorStackTrace":null,"DisplayName":"AllAsyncShouldReturnAllGamesWithNewestOrder","Messages":[],"ComputerName":"WORKSTATION","Duration":"00:00:00.0192410","StartTime":"2023-08-08T15:12:50.4225235+00:00","EndTime":"2023-08-08T15:12:50.4417641+00:00","Properties":[{"Key":{"Id":"NUnit.Seed","Label":"Seed","Category":"","Description":"","Attributes":0,"ValueType":"System.String"},"Value":"1373185636"}]},{"TestCase":{"Id":"53af3be0-fd74-b482-5ada-994095e1425f","FullyQualifiedName":"GameCatalogue.Services.Tests.GameServiceTests.AllByDeveloperIdAsyncShouldReturnAListWithGamesByThatDeveloperOnly","DisplayName":"AllByDeveloperIdAsyncShouldReturnAListWithGamesByThatDeveloperOnly","ExecutorUri":"executor://NUnit3TestExecutor","Source":"C:\\Users\\Admin\\source\\repos\\SoftUniWeb-CourseProjectC#\\GameCatalogue.Services.Tests\\bin\\Debug\\net6.0\\fine-code-coverage\\build-output\\GameCatalogue.Services.Tests.dll","CodeFilePath":null,"LineNumber":0,"Properties":[{"Key":{"Id":"NUnit.Seed","Label":"Seed","Category":"","Description":"","Attributes":0,"ValueType":"System.String"},"Value":"568828352"}]},"Attachments":[],"Outcome":1,"ErrorMessage":null,"ErrorStackTrace":null,"DisplayName":"AllByDeveloperIdAsyncShouldReturnAListWithGamesByThatDeveloperOnly","Messages":[],"ComputerName":"WORKSTATION","Duration":"00:00:00.0107170","StartTime":"2023-08-08T15:12:50.4417957+00:00","EndTime":"2023-08-08T15:12:50.452502+00:00","Properties":[{"Key":{"Id":"NUnit.Seed","Label":"Seed","Category":"","Description":"","Attributes":0,"ValueType":"System.String"},"Value":"568828352"}]},{"TestCase":{"Id":"8f2a1bdf-d5b4-4856-36af-47f3e45e467e","FullyQualifiedName":"GameCatalogue.Services.Tests.GameServiceTests.CreateShouldAddANewGameToTheDatabaseWithInformationInside","DisplayName":"CreateShouldAddANewGameToTheDatabaseWithInformationInside","ExecutorUri":"executor://NUnit3TestExecutor","Source":"C:\\Users\\Admin\\source\\repos\\SoftUniWeb-CourseProjectC#\\GameCatalogue.Services.Tests\\bin\\Debug\\net6.0\\fine-code-coverage\\build-output\\GameCatalogue.Services.Tests.dll","CodeFilePath":null,"LineNumber":0,"Properties":[{"Key":{"Id":"NUnit.Seed","Label":"Seed","Category":"","Description":"","Attributes":0,"ValueType":"System.String"},"Value":"1086386317"}]},"Attachments":[],"Outcome":1,"ErrorMessage":null,"ErrorStackTrace":null,"DisplayName":"CreateShouldAddANewGameToTheDatabaseWithInformationInside","Messages":[],"ComputerName":"WORKSTATION","Duration":"00:00:00.0036450","StartTime":"2023-08-08T15:12:50.4525352+00:00","EndTime":"2023-08-08T15:12:50.4561803+00:00","Properties":[{"Key":{"Id":"NUnit.Seed","Label":"Seed","Category":"","Description":"","Attributes":0,"ValueType":"System.String"},"Value":"1086386317"}]},{"TestCase":{"Id":"6ad22269-e220-61dc-3a88-1bb04510ca6a","FullyQualifiedName":"GameCatalogue.Services.Tests.GameServiceTests.DeleteGameByIdAsyncShouldDeleteGame","DisplayName":"DeleteGameByIdAsyncShouldDeleteGame","ExecutorUri":"executor://NUnit3TestExecutor","Source":"C:\\Users\\Admin\\source\\repos\\SoftUniWeb-CourseProjectC#\\GameCatalogue.Services.Tests\\bin\\Debug\\net6.0\\fine-code-coverage\\build-output\\GameCatalogue.Services.Tests.dll","CodeFilePath":null,"LineNumber":0,"Properties":[{"Key":{"Id":"NUnit.Seed","Label":"Seed","Category":"","Description":"","Attributes":0,"ValueType":"System.String"},"Value":"1302816376"}]},"Attachments":[],"Outcome":1,"ErrorMessage":null,"ErrorStackTrace":null,"DisplayName":"DeleteGameByIdAsyncShouldDeleteGame","Messages":[],"ComputerName":"WORKSTATION","Duration":"00:00:00.0123640","StartTime":"2023-08-08T15:12:50.458584+00:00","EndTime":"2023-08-08T15:12:50.4709479+00:00","Properties":[{"Key":{"Id":"NUnit.Seed","Label":"Seed","Category":"","Description":"","Attributes":0,"ValueType":"System.String"},"Value":"1302816376"}]}],"TestRunStatistics":{"ExecutedTests":18,"Stats":{"Passed":18}},"ActiveTests":[{"Id":"1a450067-834d-009e-d125-60e806fdfc28","FullyQualifiedName":"GameCatalogue.Services.Tests.GameServiceTests.EditGameByIdAndFormModelShouldEditGame","DisplayName":"EditGameByIdAndFormModelShouldEditGame","ExecutorUri":"executor://NUnit3TestExecutor","Source":"C:\\Users\\Admin\\source\\repos\\SoftUniWeb-CourseProjectC#\\GameCatalogue.Services.Tests\\bin\\Debug\\net6.0\\fine-code-coverage\\build-output\\GameCatalogue.Services.Tests.dll","CodeFilePath":null,"LineNumber":0,"Properties":[{"Key":{"Id":"NUnit.Seed","Label":"Seed","Category":"","Description":"","Attributes":0,"ValueType":"System.String"},"Value":"999243988"}]}]}}
TpTrace Verbose: 0 : 1444, 11, 2023/08/08, 18:12:50.478, 351552705746, vstest.console.dll, TestRunRequest:SendTestRunStatsChange: Starting.
TpTrace Verbose: 0 : 1444, 11, 2023/08/08, 18:12:50.478, 351552706898, vstest.console.dll, InProgress is EditGameByIdAndFormModelShouldEditGame
TpTrace Verbose: 0 : 1444, 11, 2023/08/08, 18:12:50.478, 351552707560, vstest.console.dll, MulticastDelegateUtilities.SafeInvoke: TestRun.RunStatsChanged: Invoking callbacks was skipped because there are no subscribers.
TpTrace Information: 0 : 1444, 11, 2023/08/08, 18:12:50.478, 351552707801, vstest.console.dll, TestRunRequest:SendTestRunStatsChange: Completed.
TpTrace Verbose: 0 : 1444, 11, 2023/08/08, 18:12:50.478, 351552708086, vstest.console.dll, MulticastDelegateUtilities.SafeInvoke: LengthPrefixCommunicationChannel: MessageReceived: Invoking callback 1/1 for Microsoft.VisualStudio.TestPlatform.CommunicationUtilities.TestRequestSender+<>c__DisplayClass34_0., took 5 ms.
TpTrace Verbose: 0 : 1444, 4, 2023/08/08, 18:12:50.478, 351552708128, vstest.console.dll, MulticastDelegateUtilities.SafeInvoke: InternalTestLoggerEvents.SendTestResult: Invoking callback 1/1 for Microsoft.VisualStudio.TestPlatform.CommandLine.Internal.ConsoleLogger., took 0 ms.
TpTrace Verbose: 0 : 1444, 11, 2023/08/08, 18:12:50.478, 351552708354, vstest.console.dll, TcpClientExtensions.MessageLoopAsync: Polling on remoteEndPoint: 127.0.0.1:8518 localEndPoint: 127.0.0.1:8517
TpTrace Verbose: 0 : 1444, 4, 2023/08/08, 18:12:50.479, 351552709140, vstest.console.dll, MulticastDelegateUtilities.SafeInvoke: InternalTestLoggerEvents.SendTestResult: Invoking callback 1/1 for Microsoft.VisualStudio.TestPlatform.CommandLine.Internal.ConsoleLogger., took 0 ms.
TpTrace Verbose: 0 : 1444, 4, 2023/08/08, 18:12:50.479, 351552709941, vstest.console.dll, MulticastDelegateUtilities.SafeInvoke: InternalTestLoggerEvents.SendTestResult: Invoking callback 1/1 for Microsoft.VisualStudio.TestPlatform.CommandLine.Internal.ConsoleLogger., took 0 ms.
TpTrace Verbose: 0 : 1444, 4, 2023/08/08, 18:12:50.479, 351552710373, vstest.console.dll, MulticastDelegateUtilities.SafeInvoke: InternalTestLoggerEvents.SendTestResult: Invoking callback 1/1 for Microsoft.VisualStudio.TestPlatform.CommandLine.Internal.ConsoleLogger., took 0 ms.
TpTrace Verbose: 0 : 1444, 4, 2023/08/08, 18:12:50.479, 351552710897, vstest.console.dll, MulticastDelegateUtilities.SafeInvoke: InternalTestLoggerEvents.SendTestResult: Invoking callback 1/1 for Microsoft.VisualStudio.TestPlatform.CommandLine.Internal.ConsoleLogger., took 0 ms.
TpTrace Verbose: 0 : 1444, 4, 2023/08/08, 18:12:50.479, 351552711334, vstest.console.dll, MulticastDelegateUtilities.SafeInvoke: InternalTestLoggerEvents.SendTestResult: Invoking callback 1/1 for Microsoft.VisualStudio.TestPlatform.CommandLine.Internal.ConsoleLogger., took 0 ms.
TpTrace Verbose: 0 : 1444, 4, 2023/08/08, 18:12:50.479, 351552711882, vstest.console.dll, MulticastDelegateUtilities.SafeInvoke: InternalTestLoggerEvents.SendTestResult: Invoking callback 1/1 for Microsoft.VisualStudio.TestPlatform.CommandLine.Internal.ConsoleLogger., took 0 ms.
TpTrace Verbose: 0 : 1444, 4, 2023/08/08, 18:12:50.479, 351552712253, vstest.console.dll, MulticastDelegateUtilities.SafeInvoke: InternalTestLoggerEvents.SendTestResult: Invoking callback 1/1 for Microsoft.VisualStudio.TestPlatform.CommandLine.Internal.ConsoleLogger., took 0 ms.
TpTrace Verbose: 0 : 1444, 4, 2023/08/08, 18:12:50.479, 351552712614, vstest.console.dll, MulticastDelegateUtilities.SafeInvoke: InternalTestLoggerEvents.SendTestResult: Invoking callback 1/1 for Microsoft.VisualStudio.TestPlatform.CommandLine.Internal.ConsoleLogger., took 0 ms.
TpTrace Verbose: 0 : 1444, 11, 2023/08/08, 18:12:50.552, 351553446907, vstest.console.dll, TcpClientExtensions.MessageLoopAsync: NotifyDataAvailable remoteEndPoint: 127.0.0.1:8518 localEndPoint: 127.0.0.1:8517
TpTrace Verbose: 0 : 1444, 11, 2023/08/08, 18:12:50.552, 351553448055, vstest.console.dll, TestRequestSender.OnExecutionMessageReceived: Received message: {"Version":7,"MessageType":"TestSession.Message","Payload":{"MessageLevel":0,"Message":"NUnit Adapter 4.3.0.0: Test execution complete"}}
TpTrace Verbose: 0 : 1444, 11, 2023/08/08, 18:12:50.553, 351553449042, vstest.console.dll, TestRunRequest:SendTestRunMessage: Starting.
TpTrace Verbose: 0 : 1444, 11, 2023/08/08, 18:12:50.553, 351553449756, vstest.console.dll, MulticastDelegateUtilities.SafeInvoke: TestRun.LogMessages: Invoking callback 1/1 for Microsoft.VisualStudio.TestPlatform.CommandLine.TestRunResultAggregator., took 0 ms.
TpTrace Verbose: 0 : 1444, 4, 2023/08/08, 18:12:50.553, 351553449908, vstest.console.dll, MulticastDelegateUtilities.SafeInvoke: InternalTestLoggerEvents.SendTestRunMessage: Invoking callback 1/1 for Microsoft.VisualStudio.TestPlatform.CommandLine.Internal.ConsoleLogger., took 0 ms.
TpTrace Information: 0 : 1444, 11, 2023/08/08, 18:12:50.553, 351553450020, vstest.console.dll, TestRunRequest:SendTestRunMessage: Completed.
TpTrace Verbose: 0 : 1444, 11, 2023/08/08, 18:12:50.553, 351553451077, vstest.console.dll, MulticastDelegateUtilities.SafeInvoke: LengthPrefixCommunicationChannel: MessageReceived: Invoking callback 1/1 for Microsoft.VisualStudio.TestPlatform.CommunicationUtilities.TestRequestSender+<>c__DisplayClass34_0., took 0 ms.
TpTrace Verbose: 0 : 1444, 11, 2023/08/08, 18:12:50.553, 351553451425, vstest.console.dll, TcpClientExtensions.MessageLoopAsync: Polling on remoteEndPoint: 127.0.0.1:8518 localEndPoint: 127.0.0.1:8517
TpTrace Verbose: 0 : 1444, 11, 2023/08/08, 18:12:50.580, 351553727324, vstest.console.dll, TcpClientExtensions.MessageLoopAsync: NotifyDataAvailable remoteEndPoint: 127.0.0.1:8518 localEndPoint: 127.0.0.1:8517
TpTrace Verbose: 0 : 1444, 11, 2023/08/08, 18:12:50.581, 351553729293, vstest.console.dll, TestRequestSender.OnExecutionMessageReceived: Received message: {"Version":7,"MessageType":"TestExecution.Completed","Payload":{"TestRunCompleteArgs":{"TestRunStatistics":{"ExecutedTests":26,"Stats":{"Passed":26}},"IsCanceled":false,"IsAborted":false,"Error":null,"AttachmentSets":[],"InvokedDataCollectors":[],"ElapsedTimeInRunningTests":"00:00:01.9798397","Metrics":{},"DiscoveredExtensions":{"TestDiscoverers":["NUnit.VisualStudio.TestAdapter.NUnit3TestDiscoverer, NUnit3.TestAdapter, Version=4.3.0.0, Culture=neutral, PublicKeyToken=4cb40d35494691ac"],"TestExecutors":["executor://NUnit3TestExecutor"],"TestExecutors2":[],"TestSettingsProviders":[]}},"LastRunTests":{"NewTestResults":[{"TestCase":{"Id":"1a450067-834d-009e-d125-60e806fdfc28","FullyQualifiedName":"GameCatalogue.Services.Tests.GameServiceTests.EditGameByIdAndFormModelShouldEditGame","DisplayName":"EditGameByIdAndFormModelShouldEditGame","ExecutorUri":"executor://NUnit3TestExecutor","Source":"C:\\Users\\Admin\\source\\repos\\SoftUniWeb-CourseProjectC#\\GameCatalogue.Services.Tests\\bin\\Debug\\net6.0\\fine-code-coverage\\build-output\\GameCatalogue.Services.Tests.dll","CodeFilePath":null,"LineNumber":0,"Properties":[{"Key":{"Id":"NUnit.Seed","Label":"Seed","Category":"","Description":"","Attributes":0,"ValueType":"System.String"},"Value":"999243988"}]},"Attachments":[],"Outcome":1,"ErrorMessage":null,"ErrorStackTrace":null,"DisplayName":"EditGameByIdAndFormModelShouldEditGame","Messages":[],"ComputerName":"WORKSTATION","Duration":"00:00:00.0116090","StartTime":"2023-08-08T15:12:50.4709809+00:00","EndTime":"2023-08-08T15:12:50.4825893+00:00","Properties":[{"Key":{"Id":"NUnit.Seed","Label":"Seed","Category":"","Description":"","Attributes":0,"ValueType":"System.String"},"Value":"999243988"}]},{"TestCase":{"Id":"30ee37cd-565b-3778-ccee-a5b08e5a08cb","FullyQualifiedName":"GameCatalogue.Services.Tests.GameServiceTests.ExistsByIdAsyncShouldReturnFalseIfTheGameDoesntExist","DisplayName":"ExistsByIdAsyncShouldReturnFalseIfTheGameDoesntExist","ExecutorUri":"executor://NUnit3TestExecutor","Source":"C:\\Users\\Admin\\source\\repos\\SoftUniWeb-CourseProjectC#\\GameCatalogue.Services.Tests\\bin\\Debug\\net6.0\\fine-code-coverage\\build-output\\GameCatalogue.Services.Tests.dll","CodeFilePath":null,"LineNumber":0,"Properties":[{"Key":{"Id":"NUnit.Seed","Label":"Seed","Category":"","Description":"","Attributes":0,"ValueType":"System.String"},"Value":"1038623642"}]},"Attachments":[],"Outcome":1,"ErrorMessage":null,"ErrorStackTrace":null,"DisplayName":"ExistsByIdAsyncShouldReturnFalseIfTheGameDoesntExist","Messages":[],"ComputerName":"WORKSTATION","Duration":"00:00:00.0048910","StartTime":"2023-08-08T15:12:50.4826167+00:00","EndTime":"2023-08-08T15:12:50.4875073+00:00","Properties":[{"Key":{"Id":"NUnit.Seed","Label":"Seed","Category":"","Description":"","Attributes":0,"ValueType":"System.String"},"Value":"1038623642"}]},{"TestCase":{"Id":"7e32b489-8922-fb8f-db49-6cb81e6ac772","FullyQualifiedName":"GameCatalogue.Services.Tests.GameServiceTests.ExistsByIdAsyncShouldReturnTrueIfTheGameExists","DisplayName":"ExistsByIdAsyncShouldReturnTrueIfTheGameExists","ExecutorUri":"executor://NUnit3TestExecutor","Source":"C:\\Users\\Admin\\source\\repos\\SoftUniWeb-CourseProjectC#\\GameCatalogue.Services.Tests\\bin\\Debug\\net6.0\\fine-code-coverage\\build-output\\GameCatalogue.Services.Tests.dll","CodeFilePath":null,"LineNumber":0,"Properties":[{"Key":{"Id":"NUnit.Seed","Label":"Seed","Category":"","Description":"","Attributes":0,"ValueType":"System.String"},"Value":"1990984044"}]},"Attachments":[],"Outcome":1,"ErrorMessage":null,"ErrorStackTrace":null,"DisplayName":"ExistsByIdAsyncShouldReturnTrueIfTheGameExists","Messages":[],"ComputerName":"WORKSTATION","Duration":"00:00:00.0013720","StartTime":"2023-08-08T15:12:50.4875264+00:00","EndTime":"2023-08-08T15:12:50.4888982+00:00","Properties":[{"Key":{"Id":"NUnit.Seed","Label":"Seed","Category":"","Description":"","Attributes":0,"ValueType":"System.String"},"Value":"1990984044"}]},{"TestCase":{"Id":"4b35a584-d6a2-2d1c-6527-cc54556a2a1d","FullyQualifiedName":"GameCatalogue.Services.Tests.GameServiceTests.GetDetailsByIdAsyncShouldReturnDetailsWithACorrectId","DisplayName":"GetDetailsByIdAsyncShouldReturnDetailsWithACorrectId","ExecutorUri":"executor://NUnit3TestExecutor","Source":"C:\\Users\\Admin\\source\\repos\\SoftUniWeb-CourseProjectC#\\GameCatalogue.Services.Tests\\bin\\Debug\\net6.0\\fine-code-coverage\\build-output\\GameCatalogue.Services.Tests.dll","CodeFilePath":null,"LineNumber":0,"Properties":[{"Key":{"Id":"NUnit.Seed","Label":"Seed","Category":"","Description":"","Attributes":0,"ValueType":"System.String"},"Value":"866902577"}]},"Attachments":[],"Outcome":1,"ErrorMessage":null,"ErrorStackTrace":null,"DisplayName":"GetDetailsByIdAsyncShouldReturnDetailsWithACorrectId","Messages":[],"ComputerName":"WORKSTATION","Duration":"00:00:00.0363270","StartTime":"2023-08-08T15:12:50.4889121+00:00","EndTime":"2023-08-08T15:12:50.5252391+00:00","Properties":[{"Key":{"Id":"NUnit.Seed","Label":"Seed","Category":"","Description":"","Attributes":0,"ValueType":"System.String"},"Value":"866902577"}]},{"TestCase":{"Id":"e81e1798-8226-29c6-3015-9e6bd41d128b","FullyQualifiedName":"GameCatalogue.Services.Tests.GameServiceTests.GetGameDetailsForDeleteByIdAsyncShouldReturnDetailsWithCorrectId","DisplayName":"GetGameDetailsForDeleteByIdAsyncShouldReturnDetailsWithCorrectId","ExecutorUri":"executor://NUnit3TestExecutor","Source":"C:\\Users\\Admin\\source\\repos\\SoftUniWeb-CourseProjectC#\\GameCatalogue.Services.Tests\\bin\\Debug\\net6.0\\fine-code-coverage\\build-output\\GameCatalogue.Services.Tests.dll","CodeFilePath":null,"LineNumber":0,"Properties":[{"Key":{"Id":"NUnit.Seed","Label":"Seed","Category":"","Description":"","Attributes":0,"ValueType":"System.String"},"Value":"1241250434"}]},"Attachments":[],"Outcome":1,"ErrorMessage":null,"ErrorStackTrace":null,"DisplayName":"GetGameDetailsForDeleteByIdAsyncShouldReturnDetailsWithCorrectId","Messages":[],"ComputerName":"WORKSTATION","Duration":"00:00:00.0030820","StartTime":"2023-08-08T15:12:50.5252738+00:00","EndTime":"2023-08-08T15:12:50.528356+00:00","Properties":[{"Key":{"Id":"NUnit.Seed","Label":"Seed","Category":"","Description":"","Attributes":0,"ValueType":"System.String"},"Value":"1241250434"}]},{"TestCase":{"Id":"d208d256-c030-f191-3c52-d4ce1e79d9ba","FullyQualifiedName":"GameCatalogue.Services.Tests.GameServiceTests.GetGameForEditByIdAsyncShouldReturnDetailsWithCorrectId","DisplayName":"GetGameForEditByIdAsyncShouldReturnDetailsWithCorrectId","ExecutorUri":"executor://NUnit3TestExecutor","Source":"C:\\Users\\Admin\\source\\repos\\SoftUniWeb-CourseProjectC#\\GameCatalogue.Services.Tests\\bin\\Debug\\net6.0\\fine-code-coverage\\build-output\\GameCatalogue.Services.Tests.dll","CodeFilePath":null,"LineNumber":0,"Properties":[{"Key":{"Id":"NUnit.Seed","Label":"Seed","Category":"","Description":"","Attributes":0,"ValueType":"System.String"},"Value":"144805382"}]},"Attachments":[],"Outcome":1,"ErrorMessage":null,"ErrorStackTrace":null,"DisplayName":"GetGameForEditByIdAsyncShouldReturnDetailsWithCorrectId","Messages":[],"ComputerName":"WORKSTATION","Duration":"00:00:00.0131770","StartTime":"2023-08-08T15:12:50.5284049+00:00","EndTime":"2023-08-08T15:12:50.5415818+00:00","Properties":[{"Key":{"Id":"NUnit.Seed","Label":"Seed","Category":"","Description":"","Attributes":0,"ValueType":"System.String"},"Value":"144805382"}]},{"TestCase":{"Id":"b0a439ff-ea36-433a-4dae-c20111ade1d1","FullyQualifiedName":"GameCatalogue.Services.Tests.GameServiceTests.IsDeveloperByIdProducerOfGameByIdAsyncShouldReturnFalseWithIncorrectData","DisplayName":"IsDeveloperByIdProducerOfGameByIdAsyncShouldReturnFalseWithIncorrectData","ExecutorUri":"executor://NUnit3TestExecutor","Source":"C:\\Users\\Admin\\source\\repos\\SoftUniWeb-CourseProjectC#\\GameCatalogue.Services.Tests\\bin\\Debug\\net6.0\\fine-code-coverage\\build-output\\GameCatalogue.Services.Tests.dll","CodeFilePath":null,"LineNumber":0,"Properties":[{"Key":{"Id":"NUnit.Seed","Label":"Seed","Category":"","Description":"","Attributes":0,"ValueType":"System.String"},"Value":"1595076175"}]},"Attachments":[],"Outcome":1,"ErrorMessage":null,"ErrorStackTrace":null,"DisplayName":"IsDeveloperByIdProducerOfGameByIdAsyncShouldReturnFalseWithIncorrectData","Messages":[],"ComputerName":"WORKSTATION","Duration":"00:00:00.0028040","StartTime":"2023-08-08T15:12:50.5416159+00:00","EndTime":"2023-08-08T15:12:50.5444193+00:00","Properties":[{"Key":{"Id":"NUnit.Seed","Label":"Seed","Category":"","Description":"","Attributes":0,"ValueType":"System.String"},"Value":"1595076175"}]},{"TestCase":{"Id":"9b37ca24-a496-ec0b-0833-c50b82fa8a95","FullyQualifiedName":"GameCatalogue.Services.Tests.GameServiceTests.IsDeveloperByIdProducerOfGameByIdAsyncShouldReturnTrueWithCorrectData","DisplayName":"IsDeveloperByIdProducerOfGameByIdAsyncShouldReturnTrueWithCorrectData","ExecutorUri":"executor://NUnit3TestExecutor","Source":"C:\\Users\\Admin\\source\\repos\\SoftUniWeb-CourseProjectC#\\GameCatalogue.Services.Tests\\bin\\Debug\\net6.0\\fine-code-coverage\\build-output\\GameCatalogue.Services.Tests.dll","CodeFilePath":null,"LineNumber":0,"Properties":[{"Key":{"Id":"NUnit.Seed","Label":"Seed","Category":"","Description":"","Attributes":0,"ValueType":"System.String"},"Value":"641712946"}]},"Attachments":[],"Outcome":1,"ErrorMessage":null,"ErrorStackTrace":null,"DisplayName":"IsDeveloperByIdProducerOfGameByIdAsyncShouldReturnTrueWithCorrectData","Messages":[],"ComputerName":"WORKSTATION","Duration":"00:00:00.0021679","StartTime":"2023-08-08T15:12:50.5444497+00:00","EndTime":"2023-08-08T15:12:50.5466173+00:00","Properties":[{"Key":{"Id":"NUnit.Seed","Label":"Seed","Category":"","Description":"","Attributes":0,"ValueType":"System.String"},"Value":"641712946"}]}],"TestRunStatistics":{"ExecutedTests":26,"Stats":{"Passed":26}},"ActiveTests":[]},"RunAttachments":[],"ExecutorUris":["executor://nunit3testexecutor/"]}}
TpTrace Verbose: 0 : 1444, 11, 2023/08/08, 18:12:50.581, 351553730814, vstest.console.dll, TestRequestSender.EndSession: Sending end session.
TpTrace Verbose: 0 : 1444, 11, 2023/08/08, 18:12:50.581, 351553734544, vstest.console.dll, ProxyOperationManager.Close: waiting for test host to exit for 100 ms
TpTrace Warning: 0 : 1444, 10, 2023/08/08, 18:12:50.600, 351553919342, vstest.console.dll, TestHostManagerCallbacks.ErrorReceivedCallback Test host standard error line: 
TpTrace Verbose: 0 : 1444, 10, 2023/08/08, 18:12:50.607, 351553997295, vstest.console.dll, TestHostProvider.ExitCallBack: Host exited starting callback.
TpTrace Information: 0 : 1444, 10, 2023/08/08, 18:12:50.608, 351553998897, vstest.console.dll, TestHostManagerCallbacks.ExitCallBack: Testhost processId: 1904 exited with exitcode: 0 error: ''
TpTrace Verbose: 0 : 1444, 10, 2023/08/08, 18:12:50.608, 351553999290, vstest.console.dll, DotnetTestHostManager.OnHostExited: invoking OnHostExited callback
TpTrace Verbose: 0 : 1444, 10, 2023/08/08, 18:12:50.608, 351553999711, vstest.console.dll, CrossPlatEngine.TestHostManagerHostExited: calling on client process exit callback.
TpTrace Information: 0 : 1444, 10, 2023/08/08, 18:12:50.608, 351554000121, vstest.console.dll, TestRequestSender.OnClientProcessExit: Test host process exited. Standard error: 
TpTrace Information: 0 : 1444, 10, 2023/08/08, 18:12:50.608, 351554000415, vstest.console.dll, SocketServer.Stop: Stop server endPoint: 127.0.0.1:8517
TpTrace Information: 0 : 1444, 10, 2023/08/08, 18:12:50.608, 351554000630, vstest.console.dll, SocketServer.Stop: Cancellation requested. Stopping message loop.
TpTrace Information: 0 : 1444, 11, 2023/08/08, 18:12:50.608, 351554001294, vstest.console.dll, SocketServer.Stop: Stop server endPoint: 127.0.0.1:8517
TpTrace Verbose: 0 : 1444, 10, 2023/08/08, 18:12:50.608, 351554001557, vstest.console.dll, MulticastDelegateUtilities.SafeInvoke: HostProviderEvents.OnHostExited: Invoking callback 1/1 for Microsoft.VisualStudio.TestPlatform.CrossPlatEngine.Client.ProxyOperationManager., took 0 ms.
TpTrace Information: 0 : 1444, 11, 2023/08/08, 18:12:50.608, 351554001716, vstest.console.dll, SocketServer.Stop: Cancellation requested. Stopping message loop.
TpTrace Information: 0 : 1444, 11, 2023/08/08, 18:12:50.608, 351554002326, vstest.console.dll, Closing the connection
TpTrace Verbose: 0 : 1444, 11, 2023/08/08, 18:12:50.608, 351554004495, vstest.console.dll, ProxyDataCollectionManager.InvokeDataCollectionServiceAction: Starting.
TpTrace Information: 0 : 1444, 11, 2023/08/08, 18:12:50.608, 351554004847, vstest.console.dll, ProxyDataCollectionManager.AfterTestRunEnd: Get attachment set and invoked data collectors processId: 6972 port: 8514
TpTrace Verbose: 0 : 1444, 11, 2023/08/08, 18:12:50.608, 351554005208, vstest.console.dll, DataCollectionRequestSender.SendAfterTestRunStartAndGetResult: Send AfterTestRunEnd message with isCancelled: False
TpTrace Verbose: 0 : 1444, 11, 2023/08/08, 18:12:50.615, 351554074596, vstest.console.dll, DataCollectionRequestSender.SendAfterTestRunStartAndGetResult: Received message: (DataCollection.AfterTestRunEndResult) -> {"MessageType":"DataCollection.AfterTestRunEndResult","Payload":{"AttachmentSets":[],"InvokedDataCollectors":[{"Uri":"datacollector://Microsoft/TestPlatform/Extensions/Blame/v1","FriendlyName":"Blame","AssemblyQualifiedName":"Microsoft.TestPlatform.Extensions.BlameDataCollector.BlameCollector, Microsoft.TestPlatform.Extensions.BlameDataCollector, Version=15.0.0.0, Culture=neutral, PublicKeyToken=b03f5f7f11d50a3a","FilePath":"C:\\Program Files\\dotnet\\sdk\\7.0.202\\Extensions\\Microsoft.TestPlatform.Extensions.BlameDataCollector.dll","HasAttachmentProcessor":false}],"Metrics":{}}}
TpTrace Warning: 0 : 1444, 9, 2023/08/08, 18:12:50.619, 351554113449, vstest.console.dll, DataCollectionLauncher.ErrorReceivedCallback datacollector standard error line: 
TpTrace Information: 0 : 1444, 11, 2023/08/08, 18:12:50.620, 351554127911, vstest.console.dll, ProxyDataCollectionManager.InvokeDataCollectionServiceAction: Completed.
TpTrace Information: 0 : 1444, 9, 2023/08/08, 18:12:50.625, 351554174871, vstest.console.dll, DataCollectionLauncher.ExitCallBack: Data collector exited with exitcode: 0 error: ''
TpTrace Verbose: 0 : 1444, 11, 2023/08/08, 18:12:50.657, 351554488572, vstest.console.dll, TestRunRequest:SendTestRunStatsChange: Starting.
TpTrace Verbose: 0 : 1444, 11, 2023/08/08, 18:12:50.657, 351554489622, vstest.console.dll, MulticastDelegateUtilities.SafeInvoke: TestRun.RunStatsChanged: Invoking callbacks was skipped because there are no subscribers.
TpTrace Information: 0 : 1444, 11, 2023/08/08, 18:12:50.657, 351554489936, vstest.console.dll, TestRunRequest:SendTestRunStatsChange: Completed.
TpTrace Verbose: 0 : 1444, 4, 2023/08/08, 18:12:50.657, 351554490064, vstest.console.dll, MulticastDelegateUtilities.SafeInvoke: InternalTestLoggerEvents.SendTestResult: Invoking callback 1/1 for Microsoft.VisualStudio.TestPlatform.CommandLine.Internal.ConsoleLogger., took 0 ms.
TpTrace Verbose: 0 : 1444, 4, 2023/08/08, 18:12:50.657, 351554490978, vstest.console.dll, MulticastDelegateUtilities.SafeInvoke: InternalTestLoggerEvents.SendTestResult: Invoking callback 1/1 for Microsoft.VisualStudio.TestPlatform.CommandLine.Internal.ConsoleLogger., took 0 ms.
TpTrace Verbose: 0 : 1444, 4, 2023/08/08, 18:12:50.657, 351554491461, vstest.console.dll, MulticastDelegateUtilities.SafeInvoke: InternalTestLoggerEvents.SendTestResult: Invoking callback 1/1 for Microsoft.VisualStudio.TestPlatform.CommandLine.Internal.ConsoleLogger., took 0 ms.
TpTrace Verbose: 0 : 1444, 4, 2023/08/08, 18:12:50.657, 351554492192, vstest.console.dll, MulticastDelegateUtilities.SafeInvoke: InternalTestLoggerEvents.SendTestResult: Invoking callback 1/1 for Microsoft.VisualStudio.TestPlatform.CommandLine.Internal.ConsoleLogger., took 0 ms.
TpTrace Verbose: 0 : 1444, 11, 2023/08/08, 18:12:50.657, 351554495464, vstest.console.dll, ParallelProxyExecutionManager: HandlePartialRunComplete: Total completed clients = 1, Run complete = True, Run canceled: False.
TpTrace Verbose: 0 : 1444, 4, 2023/08/08, 18:12:50.658, 351554502734, vstest.console.dll, MulticastDelegateUtilities.SafeInvoke: InternalTestLoggerEvents.SendTestResult: Invoking callback 1/1 for Microsoft.VisualStudio.TestPlatform.CommandLine.Internal.ConsoleLogger., took 0 ms.
TpTrace Verbose: 0 : 1444, 4, 2023/08/08, 18:12:50.658, 351554503373, vstest.console.dll, MulticastDelegateUtilities.SafeInvoke: InternalTestLoggerEvents.SendTestResult: Invoking callback 1/1 for Microsoft.VisualStudio.TestPlatform.CommandLine.Internal.ConsoleLogger., took 0 ms.
TpTrace Verbose: 0 : 1444, 4, 2023/08/08, 18:12:50.658, 351554503788, vstest.console.dll, MulticastDelegateUtilities.SafeInvoke: InternalTestLoggerEvents.SendTestResult: Invoking callback 1/1 for Microsoft.VisualStudio.TestPlatform.CommandLine.Internal.ConsoleLogger., took 0 ms.
TpTrace Verbose: 0 : 1444, 4, 2023/08/08, 18:12:50.658, 351554504238, vstest.console.dll, MulticastDelegateUtilities.SafeInvoke: InternalTestLoggerEvents.SendTestResult: Invoking callback 1/1 for Microsoft.VisualStudio.TestPlatform.CommandLine.Internal.ConsoleLogger., took 0 ms.
TpTrace Verbose: 0 : 1444, 4, 2023/08/08, 18:12:50.666, 351554585121, vstest.console.dll, MulticastDelegateUtilities.SafeInvoke: InternalTestLoggerEvents.SendTestRunComplete: Invoking callback 1/2 for Microsoft.TestPlatform.Extensions.BlameDataCollector.BlameLogger., took 0 ms.
TpTrace Verbose: 0 : 1444, 4, 2023/08/08, 18:12:50.672, 351554642421, vstest.console.dll, MulticastDelegateUtilities.SafeInvoke: InternalTestLoggerEvents.SendTestRunComplete: Invoking callback 2/2 for Microsoft.VisualStudio.TestPlatform.CommandLine.Internal.ConsoleLogger., took 5 ms.
TpTrace Verbose: 0 : 1444, 11, 2023/08/08, 18:12:50.672, 351554645275, vstest.console.dll, TestRunRequest:TestRunComplete: Starting. IsAborted:False IsCanceled:False.
TpTrace Verbose: 0 : 1444, 11, 2023/08/08, 18:12:50.673, 351554658294, vstest.console.dll, TestLoggerManager.HandleTestRunComplete: Ignoring as the object is disposed.
TpTrace Verbose: 0 : 1444, 11, 2023/08/08, 18:12:50.674, 351554661316, vstest.console.dll, MulticastDelegateUtilities.SafeInvoke: TestRun.TestRunComplete: Invoking callback 1/2 for Microsoft.VisualStudio.TestPlatform.CommandLine.TestRunResultAggregator., took 0 ms.
TpTrace Verbose: 0 : 1444, 11, 2023/08/08, 18:12:50.674, 351554663198, vstest.console.dll, MulticastDelegateUtilities.SafeInvoke: TestRun.TestRunComplete: Invoking callback 2/2 for Microsoft.VisualStudio.TestPlatform.CommandLine.Processors.RunTestsArgumentExecutor+TestRunRequestEventsRegistrar., took 0 ms.
TpTrace Information: 0 : 1444, 11, 2023/08/08, 18:12:50.674, 351554664277, vstest.console.dll, TestRunRequest:TestRunComplete: Completed.
TpTrace Verbose: 0 : 1444, 11, 2023/08/08, 18:12:50.674, 351554664675, vstest.console.dll, TestRequestSender.SetOperationComplete: Setting operation complete.
TpTrace Verbose: 0 : 1444, 1, 2023/08/08, 18:12:50.674, 351554664880, vstest.console.dll, TestRunRequest.Dispose: Starting.
TpTrace Information: 0 : 1444, 11, 2023/08/08, 18:12:50.674, 351554664923, vstest.console.dll, SocketServer.Stop: Stop server endPoint: 127.0.0.1:8517
TpTrace Information: 0 : 1444, 1, 2023/08/08, 18:12:50.674, 351554665696, vstest.console.dll, TestRunRequest.Dispose: Completed.
TpTrace Information: 0 : 1444, 11, 2023/08/08, 18:12:50.674, 351554665852, vstest.console.dll, SocketServer.Stop: Cancellation requested. Stopping message loop.
TpTrace Information: 0 : 1444, 1, 2023/08/08, 18:12:50.674, 351554666543, vstest.console.dll, TestRequestManager.RunTests: run tests completed.
TpTrace Verbose: 0 : 1444, 11, 2023/08/08, 18:12:50.674, 351554666776, vstest.console.dll, MulticastDelegateUtilities.SafeInvoke: LengthPrefixCommunicationChannel: MessageReceived: Invoking callback 1/1 for Microsoft.VisualStudio.TestPlatform.CommunicationUtilities.TestRequestSender+<>c__DisplayClass34_0., took 93 ms.
TpTrace Information: 0 : 1444, 11, 2023/08/08, 18:12:50.674, 351554667468, vstest.console.dll, SocketServer.PrivateStop: Stopping server endPoint: 127.0.0.1:8517 error: 
TpTrace Information: 0 : 1444, 1, 2023/08/08, 18:12:50.674, 351554667807, vstest.console.dll, RunTestsArgumentProcessor:Execute: Test run is completed.
TpTrace Verbose: 0 : 1444, 1, 2023/08/08, 18:12:50.675, 351554669847, vstest.console.dll, Executor.Execute: Exiting with exit code of 0
TpTrace Verbose: 0 : 1444, 11, 2023/08/08, 18:12:50.675, 351554672013, vstest.console.dll, LengthPrefixCommunicationChannel.Dispose: Dispose reader and writer.
TpTrace Information: 0 : 1444, 11, 2023/08/08, 18:12:50.675, 351554672574, vstest.console.dll, SocketServer.Stop: Raise disconnected event endPoint: 127.0.0.1:8517 error: 
TpTrace Verbose: 0 : 1444, 11, 2023/08/08, 18:12:50.675, 351554673263, vstest.console.dll, TestRequestSender: OnTestRunAbort: Operation is already complete. Skip error message.
TpTrace Verbose: 0 : 1444, 11, 2023/08/08, 18:12:50.675, 351554673593, vstest.console.dll, MulticastDelegateUtilities.SafeInvoke: SocketServer: ClientDisconnected: Invoking callback 1/1 for Microsoft.VisualStudio.TestPlatform.CommunicationUtilities.TestRequestSender., took 0 ms.
TpTrace Verbose: 0 : 1444, 11, 2023/08/08, 18:12:50.675, 351554673820, vstest.console.dll, TcpClientExtensions.MessageLoopAsync: exiting MessageLoopAsync remoteEndPoint: 127.0.0.1:8518 localEndPoint: 127.0.0.1:8517
